2017-06-06 16:50:15,028 DEBUG [org.jasig.cas.services.DefaultServicesManagerImpl] - Adding registered service http://**
2017-06-06 16:50:15,028 INFO [org.jasig.cas.services.DefaultServicesManagerImpl] - Loaded 1 services.
2017-06-06 16:50:15,532 ERROR [org.jasig.cas.web.init.SafeContextLoaderListener] - SafeContextLoaderListener: 
The Spring ContextLoaderListener we wrap threw on contextInitialized.
But for our having caught this error, the web application context would not have initialized.
org.springframework.beans.factory.BeanCreationException: Error creating bean with name 'centralAuthenticationService' defined in ServletContext resource [/WEB-INF/spring-configuration/applicationContext.xml]: Cannot resolve reference to bean 'ticketRegistry' while setting constructor argument; nested exception is org.springframework.beans.factory.CannotLoadBeanClassException: Cannot find class [com.yunbeitech.cas.server.registry.RedisTicketRegistry] for bean with name 'ticketRegistry' defined in ServletContext resource [/WEB-INF/spring-configuration/ticketRegistry.xml]; nested exception is java.lang.ClassNotFoundException: com.yunbeitech.cas.server.registry.RedisTicketRegistry
	at org.springframework.beans.factory.support.BeanDefinitionValueResolver.resolveReference(BeanDefinitionValueResolver.java:326)
	at org.springframework.beans.factory.support.BeanDefinitionValueResolver.resolveValueIfNecessary(BeanDefinitionValueResolver.java:107)
	at org.springframework.beans.factory.support.ConstructorResolver.resolveConstructorArguments(ConstructorResolver.java:623)
	at org.springframework.beans.factory.support.ConstructorResolver.autowireConstructor(ConstructorResolver.java:148)
	at org.springframework.beans.factory.support.AbstractAutowireCapableBeanFactory.autowireConstructor(AbstractAutowireCapableBeanFactory.java:1075)
	at org.springframework.beans.factory.support.AbstractAutowireCapableBeanFactory.createBeanInstance(AbstractAutowireCapableBeanFactory.java:979)
	at org.springframework.beans.factory.support.AbstractAutowireCapableBeanFactory.doCreateBean(AbstractAutowireCapableBeanFactory.java:487)
	at org.springframework.beans.factory.support.AbstractAutowireCapableBeanFactory.createBean(AbstractAutowireCapableBeanFactory.java:458)
	at org.springframework.beans.factory.support.AbstractBeanFactory$1.getObject(AbstractBeanFactory.java:296)
	at org.springframework.beans.factory.support.DefaultSingletonBeanRegistry.getSingleton(DefaultSingletonBeanRegistry.java:223)
	at org.springframework.beans.factory.support.AbstractBeanFactory.doGetBean(AbstractBeanFactory.java:293)
	at org.springframework.beans.factory.support.AbstractBeanFactory.getBean(AbstractBeanFactory.java:194)
	at org.springframework.beans.factory.support.DefaultListableBeanFactory.preInstantiateSingletons(DefaultListableBeanFactory.java:628)
	at org.springframework.context.support.AbstractApplicationContext.finishBeanFactoryInitialization(AbstractApplicationContext.java:932)
	at org.springframework.context.support.AbstractApplicationContext.refresh(AbstractApplicationContext.java:479)
	at org.springframework.web.context.ContextLoader.configureAndRefreshWebApplicationContext(ContextLoader.java:389)
	at org.springframework.web.context.ContextLoader.initWebApplicationContext(ContextLoader.java:294)
	at org.springframework.web.context.ContextLoaderListener.contextInitialized(ContextLoaderListener.java:112)
	at org.jasig.cas.web.init.SafeContextLoaderListener.contextInitialized(SafeContextLoaderListener.java:75)
	at org.eclipse.jetty.server.handler.ContextHandler.callContextInitialized(ContextHandler.java:771)
	at org.eclipse.jetty.servlet.ServletContextHandler.callContextInitialized(ServletContextHandler.java:424)
	at org.eclipse.jetty.server.handler.ContextHandler.startContext(ContextHandler.java:763)
	at org.eclipse.jetty.servlet.ServletContextHandler.startContext(ServletContextHandler.java:249)
	at org.eclipse.jetty.webapp.WebAppContext.startContext(WebAppContext.java:1250)
	at org.eclipse.jetty.server.handler.ContextHandler.doStart(ContextHandler.java:706)
	at org.eclipse.jetty.webapp.WebAppContext.doStart(WebAppContext.java:492)
	at org.mortbay.jetty.plugin.JettyWebAppContext.doStart(JettyWebAppContext.java:293)
	at org.eclipse.jetty.util.component.AbstractLifeCycle.start(AbstractLifeCycle.java:64)
	at org.eclipse.jetty.server.handler.HandlerCollection.doStart(HandlerCollection.java:229)
	at org.eclipse.jetty.server.handler.ContextHandlerCollection.doStart(ContextHandlerCollection.java:172)
	at org.eclipse.jetty.util.component.AbstractLifeCycle.start(AbstractLifeCycle.java:64)
	at org.eclipse.jetty.server.handler.HandlerCollection.doStart(HandlerCollection.java:229)
	at org.eclipse.jetty.util.component.AbstractLifeCycle.start(AbstractLifeCycle.java:64)
	at org.eclipse.jetty.server.handler.HandlerWrapper.doStart(HandlerWrapper.java:95)
	at org.eclipse.jetty.server.Server.doStart(Server.java:277)
	at org.mortbay.jetty.plugin.JettyServer.doStart(JettyServer.java:65)
	at org.eclipse.jetty.util.component.AbstractLifeCycle.start(AbstractLifeCycle.java:64)
	at org.mortbay.jetty.plugin.AbstractJettyMojo.startJetty(AbstractJettyMojo.java:511)
	at org.mortbay.jetty.plugin.AbstractJettyMojo.execute(AbstractJettyMojo.java:364)
	at org.mortbay.jetty.plugin.JettyRunMojo.execute(JettyRunMojo.java:523)
	at org.apache.maven.plugin.DefaultBuildPluginManager.executeMojo(DefaultBuildPluginManager.java:134)
	at org.apache.maven.lifecycle.internal.MojoExecutor.execute(MojoExecutor.java:207)
	at org.apache.maven.lifecycle.internal.MojoExecutor.execute(MojoExecutor.java:153)
	at org.apache.maven.lifecycle.internal.MojoExecutor.execute(MojoExecutor.java:145)
	at org.apache.maven.lifecycle.internal.LifecycleModuleBuilder.buildProject(LifecycleModuleBuilder.java:116)
	at org.apache.maven.lifecycle.internal.LifecycleModuleBuilder.buildProject(LifecycleModuleBuilder.java:80)
	at org.apache.maven.lifecycle.internal.builder.singlethreaded.SingleThreadedBuilder.build(SingleThreadedBuilder.java:51)
	at org.apache.maven.lifecycle.internal.LifecycleStarter.execute(LifecycleStarter.java:128)
	at org.apache.maven.DefaultMaven.doExecute(DefaultMaven.java:307)
	at org.apache.maven.DefaultMaven.doExecute(DefaultMaven.java:193)
	at org.apache.maven.DefaultMaven.execute(DefaultMaven.java:106)
	at org.apache.maven.cli.MavenCli.execute(MavenCli.java:863)
	at org.apache.maven.cli.MavenCli.doMain(MavenCli.java:288)
	at org.apache.maven.cli.MavenCli.main(MavenCli.java:199)
	at sun.reflect.NativeMethodAccessorImpl.invoke0(Native Method)
	at sun.reflect.NativeMethodAccessorImpl.invoke(NativeMethodAccessorImpl.java:57)
	at sun.reflect.DelegatingMethodAccessorImpl.invoke(DelegatingMethodAccessorImpl.java:43)
	at java.lang.reflect.Method.invoke(Method.java:606)
	at org.codehaus.plexus.classworlds.launcher.Launcher.launchEnhanced(Launcher.java:289)
	at org.codehaus.plexus.classworlds.launcher.Launcher.launch(Launcher.java:229)
	at org.codehaus.plexus.classworlds.launcher.Launcher.mainWithExitCode(Launcher.java:415)
	at org.codehaus.plexus.classworlds.launcher.Launcher.main(Launcher.java:356)
	at org.codehaus.classworlds.Launcher.main(Launcher.java:47)
Caused by: org.springframework.beans.factory.CannotLoadBeanClassException: Cannot find class [com.yunbeitech.cas.server.registry.RedisTicketRegistry] for bean with name 'ticketRegistry' defined in ServletContext resource [/WEB-INF/spring-configuration/ticketRegistry.xml]; nested exception is java.lang.ClassNotFoundException: com.yunbeitech.cas.server.registry.RedisTicketRegistry
	at org.springframework.beans.factory.support.AbstractBeanFactory.resolveBeanClass(AbstractBeanFactory.java:1281)
	at org.springframework.beans.factory.support.AbstractAutowireCapableBeanFactory.createBean(AbstractAutowireCapableBeanFactory.java:435)
	at org.springframework.beans.factory.support.AbstractBeanFactory$1.getObject(AbstractBeanFactory.java:296)
	at org.springframework.beans.factory.support.DefaultSingletonBeanRegistry.getSingleton(DefaultSingletonBeanRegistry.java:223)
	at org.springframework.beans.factory.support.AbstractBeanFactory.doGetBean(AbstractBeanFactory.java:293)
	at org.springframework.beans.factory.support.AbstractBeanFactory.getBean(AbstractBeanFactory.java:194)
	at org.springframework.beans.factory.support.BeanDefinitionValueResolver.resolveReference(BeanDefinitionValueResolver.java:320)
	... 62 more
Caused by: java.lang.ClassNotFoundException: com.yunbeitech.cas.server.registry.RedisTicketRegistry
	at org.codehaus.plexus.classworlds.strategy.SelfFirstStrategy.loadClass(SelfFirstStrategy.java:50)
	at org.codehaus.plexus.classworlds.realm.ClassRealm.unsynchronizedLoadClass(ClassRealm.java:271)
	at org.codehaus.plexus.classworlds.realm.ClassRealm.loadClass(ClassRealm.java:247)
	at org.codehaus.plexus.classworlds.realm.ClassRealm.loadClass(ClassRealm.java:239)
	at org.eclipse.jetty.webapp.WebAppClassLoader.loadClass(WebAppClassLoader.java:430)
	at org.eclipse.jetty.webapp.WebAppClassLoader.loadClass(WebAppClassLoader.java:383)
	at org.springframework.util.ClassUtils.forName(ClassUtils.java:257)
	at org.springframework.beans.factory.support.AbstractBeanDefinition.resolveBeanClass(AbstractBeanDefinition.java:416)
	at org.springframework.beans.factory.support.AbstractBeanFactory.doResolveBeanClass(AbstractBeanFactory.java:1302)
	at org.springframework.beans.factory.support.AbstractBeanFactory.resolveBeanClass(AbstractBeanFactory.java:1273)
	... 68 more
2017-06-06 17:00:27,535 DEBUG [org.jasig.cas.services.DefaultServicesManagerImpl] - Adding registered service http://**
2017-06-06 17:00:27,541 INFO [org.jasig.cas.services.DefaultServicesManagerImpl] - Loaded 1 services.
2017-06-06 17:00:28,950 DEBUG [org.jasig.cas.util.AutowiringSchedulerFactoryBean] - Autowired the following triggers defined in application context: [periodicServiceRegistryReloaderTrigger]
2017-06-06 17:00:29,662 INFO [org.jasig.cas.util.AutowiringSchedulerFactoryBean] - Starting Quartz Scheduler now
2017-06-06 17:01:36,882 INFO [org.jasig.cas.web.flow.InitialFlowSetupAction] - Setting path for cookies to: /cas/
2017-06-06 17:01:36,882 INFO [org.jasig.cas.web.flow.InitialFlowSetupAction] - Setting path for cookies to: /cas/
2017-06-06 17:01:36,883 DEBUG [org.jasig.cas.web.support.CasArgumentExtractor] - Extractor did not generate service.
2017-06-06 17:01:36,885 DEBUG [org.jasig.cas.support.pac4j.web.flow.ClientAction] - clientName : null
2017-06-06 17:01:36,892 DEBUG [org.jasig.cas.support.pac4j.web.flow.ClientAction] - QQClientUrl -> https://graph.qq.com/oauth2.0/authorize?client_id=101290627&redirect_uri=http%3A%2F%2F114.55.15.198%3A30002%2Flogin%3Fclient_name%3DQQClient&response_type=code&state=qqlogin
2017-06-06 17:01:36,899 DEBUG [org.jasig.cas.web.flow.GenerateLoginTicketAction] - Generated login ticket LT-1-eH9dFF9xcuiiXdQbqcPRxLiGlEIXDW-cas01.example.org
2017-06-06 17:01:36,899 DEBUG [org.jasig.cas.web.flow.GenerateLoginTicketAction] - Generated login ticket LT-1-eH9dFF9xcuiiXdQbqcPRxLiGlEIXDW-cas01.example.org
2017-06-06 17:01:37,349 DEBUG [org.jasig.cas.web.support.CasArgumentExtractor] - Extractor did not generate service.
2017-06-06 17:02:27,686 INFO [org.jasig.cas.services.DefaultServicesManagerImpl] - Reloading registered services.
2017-06-06 17:02:27,692 DEBUG [org.jasig.cas.services.DefaultServicesManagerImpl] - Adding registered service http://**
2017-06-06 17:02:27,692 INFO [org.jasig.cas.services.DefaultServicesManagerImpl] - Loaded 1 services.
2017-06-06 17:02:49,259 DEBUG [org.jasig.cas.web.support.CasArgumentExtractor] - Extractor did not generate service.
2017-06-06 17:02:49,260 DEBUG [org.jasig.cas.support.pac4j.web.flow.ClientAction] - clientName : null
2017-06-06 17:02:49,260 DEBUG [org.jasig.cas.support.pac4j.web.flow.ClientAction] - QQClientUrl -> https://graph.qq.com/oauth2.0/authorize?client_id=101290627&redirect_uri=http%3A%2F%2F114.55.15.198%3A30002%2Flogin%3Fclient_name%3DQQClient&response_type=code&state=qqlogin
2017-06-06 17:02:49,261 DEBUG [org.jasig.cas.web.flow.GenerateLoginTicketAction] - Generated login ticket LT-2-olcUKl4yLCfvfrPnmAnzb7CgW5jDl0-cas01.example.org
2017-06-06 17:02:49,261 DEBUG [org.jasig.cas.web.flow.GenerateLoginTicketAction] - Generated login ticket LT-2-olcUKl4yLCfvfrPnmAnzb7CgW5jDl0-cas01.example.org
2017-06-06 17:02:49,271 DEBUG [org.jasig.cas.web.support.CasArgumentExtractor] - Extractor did not generate service.
2017-06-06 17:04:27,677 INFO [org.jasig.cas.services.DefaultServicesManagerImpl] - Reloading registered services.
2017-06-06 17:04:27,683 DEBUG [org.jasig.cas.services.DefaultServicesManagerImpl] - Adding registered service http://**
2017-06-06 17:04:27,684 INFO [org.jasig.cas.services.DefaultServicesManagerImpl] - Loaded 1 services.
2017-06-06 17:06:27,675 INFO [org.jasig.cas.services.DefaultServicesManagerImpl] - Reloading registered services.
2017-06-06 17:06:27,681 DEBUG [org.jasig.cas.services.DefaultServicesManagerImpl] - Adding registered service http://**
2017-06-06 17:06:27,681 INFO [org.jasig.cas.services.DefaultServicesManagerImpl] - Loaded 1 services.
2017-06-06 17:08:27,678 INFO [org.jasig.cas.services.DefaultServicesManagerImpl] - Reloading registered services.
2017-06-06 17:08:27,679 DEBUG [org.jasig.cas.services.DefaultServicesManagerImpl] - Adding registered service http://**
2017-06-06 17:08:27,679 INFO [org.jasig.cas.services.DefaultServicesManagerImpl] - Loaded 1 services.
2017-06-06 17:10:27,678 INFO [org.jasig.cas.services.DefaultServicesManagerImpl] - Reloading registered services.
2017-06-06 17:10:27,678 DEBUG [org.jasig.cas.services.DefaultServicesManagerImpl] - Adding registered service http://**
2017-06-06 17:10:27,678 INFO [org.jasig.cas.services.DefaultServicesManagerImpl] - Loaded 1 services.
2017-06-06 17:12:27,678 INFO [org.jasig.cas.services.DefaultServicesManagerImpl] - Reloading registered services.
2017-06-06 17:12:27,679 DEBUG [org.jasig.cas.services.DefaultServicesManagerImpl] - Adding registered service http://**
2017-06-06 17:12:27,680 INFO [org.jasig.cas.services.DefaultServicesManagerImpl] - Loaded 1 services.
2017-06-06 17:14:27,678 INFO [org.jasig.cas.services.DefaultServicesManagerImpl] - Reloading registered services.
2017-06-06 17:14:27,679 DEBUG [org.jasig.cas.services.DefaultServicesManagerImpl] - Adding registered service http://**
2017-06-06 17:14:27,679 INFO [org.jasig.cas.services.DefaultServicesManagerImpl] - Loaded 1 services.
2017-06-06 17:16:27,678 INFO [org.jasig.cas.services.DefaultServicesManagerImpl] - Reloading registered services.
2017-06-06 17:16:27,678 DEBUG [org.jasig.cas.services.DefaultServicesManagerImpl] - Adding registered service http://**
2017-06-06 17:16:27,678 INFO [org.jasig.cas.services.DefaultServicesManagerImpl] - Loaded 1 services.
2017-06-06 17:18:27,678 INFO [org.jasig.cas.services.DefaultServicesManagerImpl] - Reloading registered services.
2017-06-06 17:18:27,678 DEBUG [org.jasig.cas.services.DefaultServicesManagerImpl] - Adding registered service http://**
2017-06-06 17:18:27,679 INFO [org.jasig.cas.services.DefaultServicesManagerImpl] - Loaded 1 services.
2017-06-06 17:20:27,674 INFO [org.jasig.cas.services.DefaultServicesManagerImpl] - Reloading registered services.
2017-06-06 17:20:27,674 DEBUG [org.jasig.cas.services.DefaultServicesManagerImpl] - Adding registered service http://**
2017-06-06 17:20:27,674 INFO [org.jasig.cas.services.DefaultServicesManagerImpl] - Loaded 1 services.
2017-06-06 17:22:27,674 INFO [org.jasig.cas.services.DefaultServicesManagerImpl] - Reloading registered services.
2017-06-06 17:22:27,675 DEBUG [org.jasig.cas.services.DefaultServicesManagerImpl] - Adding registered service http://**
2017-06-06 17:22:27,675 INFO [org.jasig.cas.services.DefaultServicesManagerImpl] - Loaded 1 services.
2017-06-06 17:24:27,680 INFO [org.jasig.cas.services.DefaultServicesManagerImpl] - Reloading registered services.
2017-06-06 17:24:27,681 DEBUG [org.jasig.cas.services.DefaultServicesManagerImpl] - Adding registered service http://**
2017-06-06 17:24:27,681 INFO [org.jasig.cas.services.DefaultServicesManagerImpl] - Loaded 1 services.
2017-06-06 17:26:27,680 INFO [org.jasig.cas.services.DefaultServicesManagerImpl] - Reloading registered services.
2017-06-06 17:26:27,680 DEBUG [org.jasig.cas.services.DefaultServicesManagerImpl] - Adding registered service http://**
2017-06-06 17:26:27,681 INFO [org.jasig.cas.services.DefaultServicesManagerImpl] - Loaded 1 services.
2017-06-06 17:28:27,678 INFO [org.jasig.cas.services.DefaultServicesManagerImpl] - Reloading registered services.
2017-06-06 17:28:27,678 DEBUG [org.jasig.cas.services.DefaultServicesManagerImpl] - Adding registered service http://**
2017-06-06 17:28:27,678 INFO [org.jasig.cas.services.DefaultServicesManagerImpl] - Loaded 1 services.
2017-06-06 17:30:27,682 INFO [org.jasig.cas.services.DefaultServicesManagerImpl] - Reloading registered services.
2017-06-06 17:30:27,683 DEBUG [org.jasig.cas.services.DefaultServicesManagerImpl] - Adding registered service http://**
2017-06-06 17:30:27,683 INFO [org.jasig.cas.services.DefaultServicesManagerImpl] - Loaded 1 services.
2017-06-06 17:32:27,686 INFO [org.jasig.cas.services.DefaultServicesManagerImpl] - Reloading registered services.
2017-06-06 17:32:27,686 DEBUG [org.jasig.cas.services.DefaultServicesManagerImpl] - Adding registered service http://**
2017-06-06 17:32:27,687 INFO [org.jasig.cas.services.DefaultServicesManagerImpl] - Loaded 1 services.
2017-06-06 17:34:27,678 INFO [org.jasig.cas.services.DefaultServicesManagerImpl] - Reloading registered services.
2017-06-06 17:34:27,678 DEBUG [org.jasig.cas.services.DefaultServicesManagerImpl] - Adding registered service http://**
2017-06-06 17:34:27,678 INFO [org.jasig.cas.services.DefaultServicesManagerImpl] - Loaded 1 services.
2017-06-06 17:36:27,678 INFO [org.jasig.cas.services.DefaultServicesManagerImpl] - Reloading registered services.
2017-06-06 17:36:27,678 DEBUG [org.jasig.cas.services.DefaultServicesManagerImpl] - Adding registered service http://**
2017-06-06 17:36:27,678 INFO [org.jasig.cas.services.DefaultServicesManagerImpl] - Loaded 1 services.
2017-06-06 17:38:27,679 INFO [org.jasig.cas.services.DefaultServicesManagerImpl] - Reloading registered services.
2017-06-06 17:38:27,679 DEBUG [org.jasig.cas.services.DefaultServicesManagerImpl] - Adding registered service http://**
2017-06-06 17:38:27,680 INFO [org.jasig.cas.services.DefaultServicesManagerImpl] - Loaded 1 services.
2017-06-06 17:40:27,679 INFO [org.jasig.cas.services.DefaultServicesManagerImpl] - Reloading registered services.
2017-06-06 17:40:27,680 DEBUG [org.jasig.cas.services.DefaultServicesManagerImpl] - Adding registered service http://**
2017-06-06 17:40:27,681 INFO [org.jasig.cas.services.DefaultServicesManagerImpl] - Loaded 1 services.
2017-07-25 16:08:09,163 ERROR [org.jasig.cas.web.init.SafeContextLoaderListener] - SafeContextLoaderListener: 
The Spring ContextLoaderListener we wrap threw on contextInitialized.
But for our having caught this error, the web application context would not have initialized.
org.springframework.beans.factory.BeanDefinitionStoreException: Invalid bean definition with name 'qq' defined in ServletContext resource [/WEB-INF/spring-configuration/applicationContext.xml]: Could not resolve placeholder 'oauth2.qq.appid' in string value "${oauth2.qq.appid}"
	at org.springframework.beans.factory.config.PlaceholderConfigurerSupport.doProcessProperties(PlaceholderConfigurerSupport.java:209)
	at org.springframework.context.support.PropertySourcesPlaceholderConfigurer.processProperties(PropertySourcesPlaceholderConfigurer.java:174)
	at org.springframework.context.support.PropertySourcesPlaceholderConfigurer.postProcessBeanFactory(PropertySourcesPlaceholderConfigurer.java:151)
	at org.springframework.context.support.AbstractApplicationContext.invokeBeanFactoryPostProcessors(AbstractApplicationContext.java:694)
	at org.springframework.context.support.AbstractApplicationContext.invokeBeanFactoryPostProcessors(AbstractApplicationContext.java:669)
	at org.springframework.context.support.AbstractApplicationContext.refresh(AbstractApplicationContext.java:461)
	at org.springframework.web.context.ContextLoader.configureAndRefreshWebApplicationContext(ContextLoader.java:389)
	at org.springframework.web.context.ContextLoader.initWebApplicationContext(ContextLoader.java:294)
	at org.springframework.web.context.ContextLoaderListener.contextInitialized(ContextLoaderListener.java:112)
	at org.jasig.cas.web.init.SafeContextLoaderListener.contextInitialized(SafeContextLoaderListener.java:75)
	at org.eclipse.jetty.server.handler.ContextHandler.callContextInitialized(ContextHandler.java:771)
	at org.eclipse.jetty.servlet.ServletContextHandler.callContextInitialized(ServletContextHandler.java:424)
	at org.eclipse.jetty.server.handler.ContextHandler.startContext(ContextHandler.java:763)
	at org.eclipse.jetty.servlet.ServletContextHandler.startContext(ServletContextHandler.java:249)
	at org.eclipse.jetty.webapp.WebAppContext.startContext(WebAppContext.java:1250)
	at org.eclipse.jetty.server.handler.ContextHandler.doStart(ContextHandler.java:706)
	at org.eclipse.jetty.webapp.WebAppContext.doStart(WebAppContext.java:492)
	at org.mortbay.jetty.plugin.JettyWebAppContext.doStart(JettyWebAppContext.java:293)
	at org.eclipse.jetty.util.component.AbstractLifeCycle.start(AbstractLifeCycle.java:64)
	at org.eclipse.jetty.server.handler.HandlerCollection.doStart(HandlerCollection.java:229)
	at org.eclipse.jetty.server.handler.ContextHandlerCollection.doStart(ContextHandlerCollection.java:172)
	at org.eclipse.jetty.util.component.AbstractLifeCycle.start(AbstractLifeCycle.java:64)
	at org.eclipse.jetty.server.handler.HandlerCollection.doStart(HandlerCollection.java:229)
	at org.eclipse.jetty.util.component.AbstractLifeCycle.start(AbstractLifeCycle.java:64)
	at org.eclipse.jetty.server.handler.HandlerWrapper.doStart(HandlerWrapper.java:95)
	at org.eclipse.jetty.server.Server.doStart(Server.java:277)
	at org.mortbay.jetty.plugin.JettyServer.doStart(JettyServer.java:65)
	at org.eclipse.jetty.util.component.AbstractLifeCycle.start(AbstractLifeCycle.java:64)
	at org.mortbay.jetty.plugin.AbstractJettyMojo.startJetty(AbstractJettyMojo.java:511)
	at org.mortbay.jetty.plugin.AbstractJettyMojo.execute(AbstractJettyMojo.java:364)
	at org.mortbay.jetty.plugin.JettyRunMojo.execute(JettyRunMojo.java:523)
	at org.apache.maven.plugin.DefaultBuildPluginManager.executeMojo(DefaultBuildPluginManager.java:134)
	at org.apache.maven.lifecycle.internal.MojoExecutor.execute(MojoExecutor.java:207)
	at org.apache.maven.lifecycle.internal.MojoExecutor.execute(MojoExecutor.java:153)
	at org.apache.maven.lifecycle.internal.MojoExecutor.execute(MojoExecutor.java:145)
	at org.apache.maven.lifecycle.internal.LifecycleModuleBuilder.buildProject(LifecycleModuleBuilder.java:116)
	at org.apache.maven.lifecycle.internal.LifecycleModuleBuilder.buildProject(LifecycleModuleBuilder.java:80)
	at org.apache.maven.lifecycle.internal.builder.singlethreaded.SingleThreadedBuilder.build(SingleThreadedBuilder.java:51)
	at org.apache.maven.lifecycle.internal.LifecycleStarter.execute(LifecycleStarter.java:128)
	at org.apache.maven.DefaultMaven.doExecute(DefaultMaven.java:307)
	at org.apache.maven.DefaultMaven.doExecute(DefaultMaven.java:193)
	at org.apache.maven.DefaultMaven.execute(DefaultMaven.java:106)
	at org.apache.maven.cli.MavenCli.execute(MavenCli.java:863)
	at org.apache.maven.cli.MavenCli.doMain(MavenCli.java:288)
	at org.apache.maven.cli.MavenCli.main(MavenCli.java:199)
	at sun.reflect.NativeMethodAccessorImpl.invoke0(Native Method)
	at sun.reflect.NativeMethodAccessorImpl.invoke(NativeMethodAccessorImpl.java:57)
	at sun.reflect.DelegatingMethodAccessorImpl.invoke(DelegatingMethodAccessorImpl.java:43)
	at java.lang.reflect.Method.invoke(Method.java:606)
	at org.codehaus.plexus.classworlds.launcher.Launcher.launchEnhanced(Launcher.java:289)
	at org.codehaus.plexus.classworlds.launcher.Launcher.launch(Launcher.java:229)
	at org.codehaus.plexus.classworlds.launcher.Launcher.mainWithExitCode(Launcher.java:415)
	at org.codehaus.plexus.classworlds.launcher.Launcher.main(Launcher.java:356)
	at org.codehaus.classworlds.Launcher.main(Launcher.java:47)
2017-07-25 16:10:35,800 DEBUG [org.jasig.cas.services.DefaultServicesManagerImpl] - Adding registered service http://**
2017-07-25 16:10:35,800 INFO [org.jasig.cas.services.DefaultServicesManagerImpl] - Loaded 1 services.
2017-07-25 16:10:37,174 DEBUG [org.jasig.cas.util.AutowiringSchedulerFactoryBean] - Autowired the following triggers defined in application context: [periodicServiceRegistryReloaderTrigger]
2017-07-25 16:10:38,079 INFO [org.jasig.cas.util.AutowiringSchedulerFactoryBean] - Starting Quartz Scheduler now
2017-07-25 16:10:57,518 INFO [org.jasig.cas.web.flow.InitialFlowSetupAction] - Setting path for cookies to: /cas/
2017-07-25 16:10:57,518 INFO [org.jasig.cas.web.flow.InitialFlowSetupAction] - Setting path for cookies to: /cas/
2017-07-25 16:10:57,519 DEBUG [org.jasig.cas.web.support.CasArgumentExtractor] - Extractor did not generate service.
2017-07-25 16:10:57,522 DEBUG [org.jasig.cas.support.pac4j.web.flow.ClientAction] - clientName : null
2017-07-25 16:10:57,527 DEBUG [org.jasig.cas.web.FlowExecutionExceptionResolver] - Ignoring the received exception due to a type mismatch
org.springframework.webflow.execution.ActionExecutionException: Exception thrown executing org.jasig.cas.support.pac4j.web.flow.ClientAction@590fa6a0 in state 'clientAction' of flow 'login' -- action execution attributes were 'map[[empty]]'
	at org.springframework.webflow.execution.ActionExecutor.execute(ActionExecutor.java:60)
	at org.springframework.webflow.action.EvaluateAction.doExecute(EvaluateAction.java:77)
	at org.springframework.webflow.action.AbstractAction.execute(AbstractAction.java:188)
	at org.springframework.webflow.execution.AnnotatedAction.execute(AnnotatedAction.java:145)
	at org.springframework.webflow.execution.ActionExecutor.execute(ActionExecutor.java:51)
	at org.springframework.webflow.engine.ActionState.doEnter(ActionState.java:101)
	at org.springframework.webflow.engine.State.enter(State.java:194)
	at org.springframework.webflow.engine.Flow.start(Flow.java:535)
	at org.springframework.webflow.engine.impl.FlowExecutionImpl.start(FlowExecutionImpl.java:366)
	at org.springframework.webflow.engine.impl.FlowExecutionImpl.start(FlowExecutionImpl.java:222)
	at org.springframework.webflow.executor.FlowExecutorImpl.launchExecution(FlowExecutorImpl.java:140)
	at org.springframework.webflow.mvc.servlet.FlowHandlerAdapter.handle(FlowHandlerAdapter.java:193)
	at org.springframework.web.servlet.DispatcherServlet.doDispatch(DispatcherServlet.java:925)
	at org.springframework.web.servlet.DispatcherServlet.doService(DispatcherServlet.java:856)
	at org.springframework.web.servlet.FrameworkServlet.processRequest(FrameworkServlet.java:936)
	at org.springframework.web.servlet.FrameworkServlet.doGet(FrameworkServlet.java:827)
	at javax.servlet.http.HttpServlet.service(HttpServlet.java:735)
	at org.springframework.web.servlet.FrameworkServlet.service(FrameworkServlet.java:812)
	at javax.servlet.http.HttpServlet.service(HttpServlet.java:848)
	at org.jasig.cas.web.init.SafeDispatcherServlet.service(SafeDispatcherServlet.java:125)
	at org.eclipse.jetty.servlet.ServletHolder.handle(ServletHolder.java:669)
	at org.eclipse.jetty.servlet.ServletHandler$CachedChain.doFilter(ServletHandler.java:1336)
	at org.springframework.web.filter.CharacterEncodingFilter.doFilterInternal(CharacterEncodingFilter.java:88)
	at org.springframework.web.filter.OncePerRequestFilter.doFilter(OncePerRequestFilter.java:107)
	at org.springframework.web.filter.DelegatingFilterProxy.invokeDelegate(DelegatingFilterProxy.java:343)
	at org.springframework.web.filter.DelegatingFilterProxy.doFilter(DelegatingFilterProxy.java:260)
	at org.eclipse.jetty.servlet.ServletHandler$CachedChain.doFilter(ServletHandler.java:1307)
	at com.github.inspektr.common.web.ClientInfoThreadLocalFilter.doFilter(ClientInfoThreadLocalFilter.java:63)
	at org.eclipse.jetty.servlet.ServletHandler$CachedChain.doFilter(ServletHandler.java:1307)
	at org.eclipse.jetty.servlet.ServletHandler.doHandle(ServletHandler.java:453)
	at org.eclipse.jetty.server.handler.ScopedHandler.handle(ScopedHandler.java:137)
	at org.eclipse.jetty.security.SecurityHandler.handle(SecurityHandler.java:560)
	at org.eclipse.jetty.server.session.SessionHandler.doHandle(SessionHandler.java:231)
	at org.eclipse.jetty.server.handler.ContextHandler.doHandle(ContextHandler.java:1072)
	at org.eclipse.jetty.servlet.ServletHandler.doScope(ServletHandler.java:382)
	at org.eclipse.jetty.server.session.SessionHandler.doScope(SessionHandler.java:193)
	at org.eclipse.jetty.server.handler.ContextHandler.doScope(ContextHandler.java:1006)
	at org.eclipse.jetty.server.handler.ScopedHandler.handle(ScopedHandler.java:135)
	at org.eclipse.jetty.server.handler.ContextHandlerCollection.handle(ContextHandlerCollection.java:255)
	at org.eclipse.jetty.server.handler.HandlerCollection.handle(HandlerCollection.java:154)
	at org.eclipse.jetty.server.handler.HandlerWrapper.handle(HandlerWrapper.java:116)
	at org.eclipse.jetty.server.Server.handle(Server.java:365)
	at org.eclipse.jetty.server.AbstractHttpConnection.handleRequest(AbstractHttpConnection.java:485)
	at org.eclipse.jetty.server.AbstractHttpConnection.headerComplete(AbstractHttpConnection.java:926)
	at org.eclipse.jetty.server.AbstractHttpConnection$RequestHandler.headerComplete(AbstractHttpConnection.java:988)
	at org.eclipse.jetty.http.HttpParser.parseNext(HttpParser.java:635)
	at org.eclipse.jetty.http.HttpParser.parseAvailable(HttpParser.java:235)
	at org.eclipse.jetty.server.AsyncHttpConnection.handle(AsyncHttpConnection.java:82)
	at org.eclipse.jetty.io.nio.SelectChannelEndPoint.handle(SelectChannelEndPoint.java:628)
	at org.eclipse.jetty.io.nio.SelectChannelEndPoint$1.run(SelectChannelEndPoint.java:52)
	at org.eclipse.jetty.util.thread.QueuedThreadPool.runJob(QueuedThreadPool.java:608)
	at org.eclipse.jetty.util.thread.QueuedThreadPool$3.run(QueuedThreadPool.java:543)
	at java.lang.Thread.run(Thread.java:745)
Caused by: org.pac4j.core.exception.TechnicalException: callbackUrl cannot be blank
	at org.pac4j.core.util.CommonHelper.assertNotBlank(CommonHelper.java:88)
	at org.pac4j.core.client.Clients.internalInit(Clients.java:72)
	at org.pac4j.core.util.InitializableObject.init(InitializableObject.java:37)
	at org.pac4j.core.client.Clients.findAllClients(Clients.java:125)
	at org.jasig.cas.support.pac4j.web.flow.ClientAction.prepareForLoginPage(ClientAction.java:195)
	at org.jasig.cas.support.pac4j.web.flow.ClientAction.doExecute(ClientAction.java:168)
	at org.springframework.webflow.action.AbstractAction.execute(AbstractAction.java:188)
	at org.springframework.webflow.execution.ActionExecutor.execute(ActionExecutor.java:51)
	... 52 more
2017-07-25 16:10:57,825 DEBUG [org.jasig.cas.web.support.CasArgumentExtractor] - Extractor did not generate service.
2017-07-25 16:10:57,842 DEBUG [org.jasig.cas.web.view.CasReloadableMessageBundle] - Examining language bundle [classpath:custom_messages_zh] for the code [logo.title]
2017-07-25 16:10:57,843 DEBUG [org.jasig.cas.web.view.CasReloadableMessageBundle] - No properties file found for [classpath:custom_messages_zh] - neither plain properties nor XML
2017-07-25 16:10:57,843 DEBUG [org.jasig.cas.web.view.CasReloadableMessageBundle] - Examining language bundle [classpath:messages_zh] for the code [logo.title]
2017-07-25 16:10:57,843 DEBUG [org.jasig.cas.web.view.CasReloadableMessageBundle] - No properties file found for [classpath:messages_zh] - neither plain properties nor XML
2017-07-25 16:10:57,844 WARN [org.jasig.cas.web.view.CasReloadableMessageBundle] - The code [logo.title] cannot be found in the language bundle for the locale [zh_CN]
2017-07-25 16:10:57,844 DEBUG [org.jasig.cas.web.view.CasReloadableMessageBundle] - No properties file found for [classpath:custom_messages_zh_CN] - neither plain properties nor XML
2017-07-25 16:10:57,844 DEBUG [org.jasig.cas.web.view.CasReloadableMessageBundle] - No properties file found for [classpath:custom_messages] - neither plain properties nor XML
2017-07-25 16:10:57,845 DEBUG [org.jasig.cas.web.view.CasReloadableMessageBundle] - Loading properties [messages_zh_CN.properties] with encoding 'UTF-8'
2017-07-25 16:10:57,846 DEBUG [org.jasig.cas.web.view.CasReloadableMessageBundle] - Loading properties [messages.properties] with encoding 'UTF-8'
2017-07-25 16:10:57,847 DEBUG [org.jasig.cas.web.view.CasReloadableMessageBundle] - Examining language bundle [classpath:custom_messages_zh] for the code [screen.unavailable.heading]
2017-07-25 16:10:57,847 DEBUG [org.jasig.cas.web.view.CasReloadableMessageBundle] - Examining language bundle [classpath:messages_zh] for the code [screen.unavailable.heading]
2017-07-25 16:10:57,847 WARN [org.jasig.cas.web.view.CasReloadableMessageBundle] - The code [screen.unavailable.heading] cannot be found in the language bundle for the locale [zh_CN]
2017-07-25 16:10:57,847 DEBUG [org.jasig.cas.web.view.CasReloadableMessageBundle] - Examining language bundle [classpath:custom_messages_zh] for the code [screen.unavailable.message]
2017-07-25 16:10:57,847 DEBUG [org.jasig.cas.web.view.CasReloadableMessageBundle] - Examining language bundle [classpath:messages_zh] for the code [screen.unavailable.message]
2017-07-25 16:10:57,848 WARN [org.jasig.cas.web.view.CasReloadableMessageBundle] - The code [screen.unavailable.message] cannot be found in the language bundle for the locale [zh_CN]
2017-07-25 16:10:57,848 DEBUG [org.jasig.cas.web.view.CasReloadableMessageBundle] - Examining language bundle [classpath:custom_messages_zh] for the code [copyright]
2017-07-25 16:10:57,848 DEBUG [org.jasig.cas.web.view.CasReloadableMessageBundle] - Examining language bundle [classpath:messages_zh] for the code [copyright]
2017-07-25 16:10:57,848 WARN [org.jasig.cas.web.view.CasReloadableMessageBundle] - The code [copyright] cannot be found in the language bundle for the locale [zh_CN]
2017-07-25 16:11:09,795 DEBUG [org.jasig.cas.web.support.CasArgumentExtractor] - Extractor did not generate service.
2017-07-25 16:11:09,795 DEBUG [org.jasig.cas.support.pac4j.web.flow.ClientAction] - clientName : null
2017-07-25 16:11:09,795 DEBUG [org.jasig.cas.web.FlowExecutionExceptionResolver] - Ignoring the received exception due to a type mismatch
org.springframework.webflow.execution.ActionExecutionException: Exception thrown executing org.jasig.cas.support.pac4j.web.flow.ClientAction@590fa6a0 in state 'clientAction' of flow 'login' -- action execution attributes were 'map[[empty]]'
	at org.springframework.webflow.execution.ActionExecutor.execute(ActionExecutor.java:60)
	at org.springframework.webflow.action.EvaluateAction.doExecute(EvaluateAction.java:77)
	at org.springframework.webflow.action.AbstractAction.execute(AbstractAction.java:188)
	at org.springframework.webflow.execution.AnnotatedAction.execute(AnnotatedAction.java:145)
	at org.springframework.webflow.execution.ActionExecutor.execute(ActionExecutor.java:51)
	at org.springframework.webflow.engine.ActionState.doEnter(ActionState.java:101)
	at org.springframework.webflow.engine.State.enter(State.java:194)
	at org.springframework.webflow.engine.Flow.start(Flow.java:535)
	at org.springframework.webflow.engine.impl.FlowExecutionImpl.start(FlowExecutionImpl.java:366)
	at org.springframework.webflow.engine.impl.FlowExecutionImpl.start(FlowExecutionImpl.java:222)
	at org.springframework.webflow.executor.FlowExecutorImpl.launchExecution(FlowExecutorImpl.java:140)
	at org.springframework.webflow.mvc.servlet.FlowHandlerAdapter.handle(FlowHandlerAdapter.java:193)
	at org.springframework.web.servlet.DispatcherServlet.doDispatch(DispatcherServlet.java:925)
	at org.springframework.web.servlet.DispatcherServlet.doService(DispatcherServlet.java:856)
	at org.springframework.web.servlet.FrameworkServlet.processRequest(FrameworkServlet.java:936)
	at org.springframework.web.servlet.FrameworkServlet.doGet(FrameworkServlet.java:827)
	at javax.servlet.http.HttpServlet.service(HttpServlet.java:735)
	at org.springframework.web.servlet.FrameworkServlet.service(FrameworkServlet.java:812)
	at javax.servlet.http.HttpServlet.service(HttpServlet.java:848)
	at org.jasig.cas.web.init.SafeDispatcherServlet.service(SafeDispatcherServlet.java:125)
	at org.eclipse.jetty.servlet.ServletHolder.handle(ServletHolder.java:669)
	at org.eclipse.jetty.servlet.ServletHandler$CachedChain.doFilter(ServletHandler.java:1336)
	at org.springframework.web.filter.CharacterEncodingFilter.doFilterInternal(CharacterEncodingFilter.java:88)
	at org.springframework.web.filter.OncePerRequestFilter.doFilter(OncePerRequestFilter.java:107)
	at org.springframework.web.filter.DelegatingFilterProxy.invokeDelegate(DelegatingFilterProxy.java:343)
	at org.springframework.web.filter.DelegatingFilterProxy.doFilter(DelegatingFilterProxy.java:260)
	at org.eclipse.jetty.servlet.ServletHandler$CachedChain.doFilter(ServletHandler.java:1307)
	at com.github.inspektr.common.web.ClientInfoThreadLocalFilter.doFilter(ClientInfoThreadLocalFilter.java:63)
	at org.eclipse.jetty.servlet.ServletHandler$CachedChain.doFilter(ServletHandler.java:1307)
	at org.eclipse.jetty.servlet.ServletHandler.doHandle(ServletHandler.java:453)
	at org.eclipse.jetty.server.handler.ScopedHandler.handle(ScopedHandler.java:137)
	at org.eclipse.jetty.security.SecurityHandler.handle(SecurityHandler.java:560)
	at org.eclipse.jetty.server.session.SessionHandler.doHandle(SessionHandler.java:231)
	at org.eclipse.jetty.server.handler.ContextHandler.doHandle(ContextHandler.java:1072)
	at org.eclipse.jetty.servlet.ServletHandler.doScope(ServletHandler.java:382)
	at org.eclipse.jetty.server.session.SessionHandler.doScope(SessionHandler.java:193)
	at org.eclipse.jetty.server.handler.ContextHandler.doScope(ContextHandler.java:1006)
	at org.eclipse.jetty.server.handler.ScopedHandler.handle(ScopedHandler.java:135)
	at org.eclipse.jetty.server.handler.ContextHandlerCollection.handle(ContextHandlerCollection.java:255)
	at org.eclipse.jetty.server.handler.HandlerCollection.handle(HandlerCollection.java:154)
	at org.eclipse.jetty.server.handler.HandlerWrapper.handle(HandlerWrapper.java:116)
	at org.eclipse.jetty.server.Server.handle(Server.java:365)
	at org.eclipse.jetty.server.AbstractHttpConnection.handleRequest(AbstractHttpConnection.java:485)
	at org.eclipse.jetty.server.AbstractHttpConnection.headerComplete(AbstractHttpConnection.java:926)
	at org.eclipse.jetty.server.AbstractHttpConnection$RequestHandler.headerComplete(AbstractHttpConnection.java:988)
	at org.eclipse.jetty.http.HttpParser.parseNext(HttpParser.java:635)
	at org.eclipse.jetty.http.HttpParser.parseAvailable(HttpParser.java:235)
	at org.eclipse.jetty.server.AsyncHttpConnection.handle(AsyncHttpConnection.java:82)
	at org.eclipse.jetty.io.nio.SelectChannelEndPoint.handle(SelectChannelEndPoint.java:628)
	at org.eclipse.jetty.io.nio.SelectChannelEndPoint$1.run(SelectChannelEndPoint.java:52)
	at org.eclipse.jetty.util.thread.QueuedThreadPool.runJob(QueuedThreadPool.java:608)
	at org.eclipse.jetty.util.thread.QueuedThreadPool$3.run(QueuedThreadPool.java:543)
	at java.lang.Thread.run(Thread.java:745)
Caused by: org.pac4j.core.exception.TechnicalException: callbackUrl cannot be blank
	at org.pac4j.core.util.CommonHelper.assertNotBlank(CommonHelper.java:88)
	at org.pac4j.core.client.Clients.internalInit(Clients.java:72)
	at org.pac4j.core.util.InitializableObject.init(InitializableObject.java:37)
	at org.pac4j.core.client.Clients.findAllClients(Clients.java:125)
	at org.jasig.cas.support.pac4j.web.flow.ClientAction.prepareForLoginPage(ClientAction.java:195)
	at org.jasig.cas.support.pac4j.web.flow.ClientAction.doExecute(ClientAction.java:168)
	at org.springframework.webflow.action.AbstractAction.execute(AbstractAction.java:188)
	at org.springframework.webflow.execution.ActionExecutor.execute(ActionExecutor.java:51)
	... 52 more
2017-07-25 16:11:09,803 DEBUG [org.jasig.cas.web.support.CasArgumentExtractor] - Extractor did not generate service.
2017-07-25 16:11:09,803 DEBUG [org.jasig.cas.web.view.CasReloadableMessageBundle] - Examining language bundle [classpath:custom_messages_zh] for the code [logo.title]
2017-07-25 16:11:09,804 DEBUG [org.jasig.cas.web.view.CasReloadableMessageBundle] - Examining language bundle [classpath:messages_zh] for the code [logo.title]
2017-07-25 16:11:09,804 WARN [org.jasig.cas.web.view.CasReloadableMessageBundle] - The code [logo.title] cannot be found in the language bundle for the locale [zh_CN]
2017-07-25 16:11:09,804 DEBUG [org.jasig.cas.web.view.CasReloadableMessageBundle] - Examining language bundle [classpath:custom_messages_zh] for the code [screen.unavailable.heading]
2017-07-25 16:11:09,804 DEBUG [org.jasig.cas.web.view.CasReloadableMessageBundle] - Examining language bundle [classpath:messages_zh] for the code [screen.unavailable.heading]
2017-07-25 16:11:09,804 WARN [org.jasig.cas.web.view.CasReloadableMessageBundle] - The code [screen.unavailable.heading] cannot be found in the language bundle for the locale [zh_CN]
2017-07-25 16:11:09,804 DEBUG [org.jasig.cas.web.view.CasReloadableMessageBundle] - Examining language bundle [classpath:custom_messages_zh] for the code [screen.unavailable.message]
2017-07-25 16:11:09,804 DEBUG [org.jasig.cas.web.view.CasReloadableMessageBundle] - Examining language bundle [classpath:messages_zh] for the code [screen.unavailable.message]
2017-07-25 16:11:09,804 WARN [org.jasig.cas.web.view.CasReloadableMessageBundle] - The code [screen.unavailable.message] cannot be found in the language bundle for the locale [zh_CN]
2017-07-25 16:11:09,804 DEBUG [org.jasig.cas.web.view.CasReloadableMessageBundle] - Examining language bundle [classpath:custom_messages_zh] for the code [copyright]
2017-07-25 16:11:09,804 DEBUG [org.jasig.cas.web.view.CasReloadableMessageBundle] - Examining language bundle [classpath:messages_zh] for the code [copyright]
2017-07-25 16:11:09,804 WARN [org.jasig.cas.web.view.CasReloadableMessageBundle] - The code [copyright] cannot be found in the language bundle for the locale [zh_CN]
2017-07-25 16:12:40,306 DEBUG [org.jasig.cas.services.DefaultServicesManagerImpl] - Adding registered service http://**
2017-07-25 16:12:40,306 INFO [org.jasig.cas.services.DefaultServicesManagerImpl] - Loaded 1 services.
2017-07-25 16:12:41,471 DEBUG [org.jasig.cas.util.AutowiringSchedulerFactoryBean] - Autowired the following triggers defined in application context: [periodicServiceRegistryReloaderTrigger]
2017-07-25 16:12:42,284 INFO [org.jasig.cas.util.AutowiringSchedulerFactoryBean] - Starting Quartz Scheduler now
2017-07-25 16:12:46,359 INFO [org.jasig.cas.web.flow.InitialFlowSetupAction] - Setting path for cookies to: /cas/
2017-07-25 16:12:46,359 INFO [org.jasig.cas.web.flow.InitialFlowSetupAction] - Setting path for cookies to: /cas/
2017-07-25 16:12:46,360 DEBUG [org.jasig.cas.web.support.CasArgumentExtractor] - Extractor did not generate service.
2017-07-25 16:12:46,365 DEBUG [org.jasig.cas.support.pac4j.web.flow.ClientAction] - clientName : null
2017-07-25 16:12:46,371 DEBUG [org.jasig.cas.web.FlowExecutionExceptionResolver] - Ignoring the received exception due to a type mismatch
org.springframework.webflow.execution.ActionExecutionException: Exception thrown executing org.jasig.cas.support.pac4j.web.flow.ClientAction@6f0665d5 in state 'clientAction' of flow 'login' -- action execution attributes were 'map[[empty]]'
	at org.springframework.webflow.execution.ActionExecutor.execute(ActionExecutor.java:60)
	at org.springframework.webflow.action.EvaluateAction.doExecute(EvaluateAction.java:77)
	at org.springframework.webflow.action.AbstractAction.execute(AbstractAction.java:188)
	at org.springframework.webflow.execution.AnnotatedAction.execute(AnnotatedAction.java:145)
	at org.springframework.webflow.execution.ActionExecutor.execute(ActionExecutor.java:51)
	at org.springframework.webflow.engine.ActionState.doEnter(ActionState.java:101)
	at org.springframework.webflow.engine.State.enter(State.java:194)
	at org.springframework.webflow.engine.Flow.start(Flow.java:535)
	at org.springframework.webflow.engine.impl.FlowExecutionImpl.start(FlowExecutionImpl.java:366)
	at org.springframework.webflow.engine.impl.FlowExecutionImpl.start(FlowExecutionImpl.java:222)
	at org.springframework.webflow.executor.FlowExecutorImpl.launchExecution(FlowExecutorImpl.java:140)
	at org.springframework.webflow.mvc.servlet.FlowHandlerAdapter.handle(FlowHandlerAdapter.java:193)
	at org.springframework.web.servlet.DispatcherServlet.doDispatch(DispatcherServlet.java:925)
	at org.springframework.web.servlet.DispatcherServlet.doService(DispatcherServlet.java:856)
	at org.springframework.web.servlet.FrameworkServlet.processRequest(FrameworkServlet.java:936)
	at org.springframework.web.servlet.FrameworkServlet.doGet(FrameworkServlet.java:827)
	at javax.servlet.http.HttpServlet.service(HttpServlet.java:735)
	at org.springframework.web.servlet.FrameworkServlet.service(FrameworkServlet.java:812)
	at javax.servlet.http.HttpServlet.service(HttpServlet.java:848)
	at org.jasig.cas.web.init.SafeDispatcherServlet.service(SafeDispatcherServlet.java:125)
	at org.eclipse.jetty.servlet.ServletHolder.handle(ServletHolder.java:669)
	at org.eclipse.jetty.servlet.ServletHandler$CachedChain.doFilter(ServletHandler.java:1336)
	at org.springframework.web.filter.CharacterEncodingFilter.doFilterInternal(CharacterEncodingFilter.java:88)
	at org.springframework.web.filter.OncePerRequestFilter.doFilter(OncePerRequestFilter.java:107)
	at org.springframework.web.filter.DelegatingFilterProxy.invokeDelegate(DelegatingFilterProxy.java:343)
	at org.springframework.web.filter.DelegatingFilterProxy.doFilter(DelegatingFilterProxy.java:260)
	at org.eclipse.jetty.servlet.ServletHandler$CachedChain.doFilter(ServletHandler.java:1307)
	at com.github.inspektr.common.web.ClientInfoThreadLocalFilter.doFilter(ClientInfoThreadLocalFilter.java:63)
	at org.eclipse.jetty.servlet.ServletHandler$CachedChain.doFilter(ServletHandler.java:1307)
	at org.eclipse.jetty.servlet.ServletHandler.doHandle(ServletHandler.java:453)
	at org.eclipse.jetty.server.handler.ScopedHandler.handle(ScopedHandler.java:137)
	at org.eclipse.jetty.security.SecurityHandler.handle(SecurityHandler.java:560)
	at org.eclipse.jetty.server.session.SessionHandler.doHandle(SessionHandler.java:231)
	at org.eclipse.jetty.server.handler.ContextHandler.doHandle(ContextHandler.java:1072)
	at org.eclipse.jetty.servlet.ServletHandler.doScope(ServletHandler.java:382)
	at org.eclipse.jetty.server.session.SessionHandler.doScope(SessionHandler.java:193)
	at org.eclipse.jetty.server.handler.ContextHandler.doScope(ContextHandler.java:1006)
	at org.eclipse.jetty.server.handler.ScopedHandler.handle(ScopedHandler.java:135)
	at org.eclipse.jetty.server.handler.ContextHandlerCollection.handle(ContextHandlerCollection.java:255)
	at org.eclipse.jetty.server.handler.HandlerCollection.handle(HandlerCollection.java:154)
	at org.eclipse.jetty.server.handler.HandlerWrapper.handle(HandlerWrapper.java:116)
	at org.eclipse.jetty.server.Server.handle(Server.java:365)
	at org.eclipse.jetty.server.AbstractHttpConnection.handleRequest(AbstractHttpConnection.java:485)
	at org.eclipse.jetty.server.AbstractHttpConnection.headerComplete(AbstractHttpConnection.java:926)
	at org.eclipse.jetty.server.AbstractHttpConnection$RequestHandler.headerComplete(AbstractHttpConnection.java:988)
	at org.eclipse.jetty.http.HttpParser.parseNext(HttpParser.java:635)
	at org.eclipse.jetty.http.HttpParser.parseAvailable(HttpParser.java:235)
	at org.eclipse.jetty.server.AsyncHttpConnection.handle(AsyncHttpConnection.java:82)
	at org.eclipse.jetty.io.nio.SelectChannelEndPoint.handle(SelectChannelEndPoint.java:628)
	at org.eclipse.jetty.io.nio.SelectChannelEndPoint$1.run(SelectChannelEndPoint.java:52)
	at org.eclipse.jetty.util.thread.QueuedThreadPool.runJob(QueuedThreadPool.java:608)
	at org.eclipse.jetty.util.thread.QueuedThreadPool$3.run(QueuedThreadPool.java:543)
	at java.lang.Thread.run(Thread.java:745)
Caused by: org.pac4j.core.exception.TechnicalException: callbackUrl cannot be blank
	at org.pac4j.core.util.CommonHelper.assertNotBlank(CommonHelper.java:88)
	at org.pac4j.core.client.Clients.internalInit(Clients.java:72)
	at org.pac4j.core.util.InitializableObject.init(InitializableObject.java:37)
	at org.pac4j.core.client.Clients.findAllClients(Clients.java:125)
	at org.jasig.cas.support.pac4j.web.flow.ClientAction.prepareForLoginPage(ClientAction.java:195)
	at org.jasig.cas.support.pac4j.web.flow.ClientAction.doExecute(ClientAction.java:168)
	at org.springframework.webflow.action.AbstractAction.execute(AbstractAction.java:188)
	at org.springframework.webflow.execution.ActionExecutor.execute(ActionExecutor.java:51)
	... 52 more
2017-07-25 16:12:47,218 DEBUG [org.jasig.cas.web.support.CasArgumentExtractor] - Extractor did not generate service.
2017-07-25 16:12:47,231 DEBUG [org.jasig.cas.web.view.CasReloadableMessageBundle] - Examining language bundle [classpath:custom_messages_zh] for the code [logo.title]
2017-07-25 16:12:47,231 DEBUG [org.jasig.cas.web.view.CasReloadableMessageBundle] - No properties file found for [classpath:custom_messages_zh] - neither plain properties nor XML
2017-07-25 16:12:47,232 DEBUG [org.jasig.cas.web.view.CasReloadableMessageBundle] - Examining language bundle [classpath:messages_zh] for the code [logo.title]
2017-07-25 16:12:47,232 DEBUG [org.jasig.cas.web.view.CasReloadableMessageBundle] - No properties file found for [classpath:messages_zh] - neither plain properties nor XML
2017-07-25 16:12:47,232 WARN [org.jasig.cas.web.view.CasReloadableMessageBundle] - The code [logo.title] cannot be found in the language bundle for the locale [zh_CN]
2017-07-25 16:12:47,232 DEBUG [org.jasig.cas.web.view.CasReloadableMessageBundle] - No properties file found for [classpath:custom_messages_zh_CN] - neither plain properties nor XML
2017-07-25 16:12:47,233 DEBUG [org.jasig.cas.web.view.CasReloadableMessageBundle] - No properties file found for [classpath:custom_messages] - neither plain properties nor XML
2017-07-25 16:12:47,233 DEBUG [org.jasig.cas.web.view.CasReloadableMessageBundle] - Loading properties [messages_zh_CN.properties] with encoding 'UTF-8'
2017-07-25 16:12:47,234 DEBUG [org.jasig.cas.web.view.CasReloadableMessageBundle] - Loading properties [messages.properties] with encoding 'UTF-8'
2017-07-25 16:12:47,235 DEBUG [org.jasig.cas.web.view.CasReloadableMessageBundle] - Examining language bundle [classpath:custom_messages_zh] for the code [screen.unavailable.heading]
2017-07-25 16:12:47,235 DEBUG [org.jasig.cas.web.view.CasReloadableMessageBundle] - Examining language bundle [classpath:messages_zh] for the code [screen.unavailable.heading]
2017-07-25 16:12:47,235 WARN [org.jasig.cas.web.view.CasReloadableMessageBundle] - The code [screen.unavailable.heading] cannot be found in the language bundle for the locale [zh_CN]
2017-07-25 16:12:47,235 DEBUG [org.jasig.cas.web.view.CasReloadableMessageBundle] - Examining language bundle [classpath:custom_messages_zh] for the code [screen.unavailable.message]
2017-07-25 16:12:47,235 DEBUG [org.jasig.cas.web.view.CasReloadableMessageBundle] - Examining language bundle [classpath:messages_zh] for the code [screen.unavailable.message]
2017-07-25 16:12:47,235 WARN [org.jasig.cas.web.view.CasReloadableMessageBundle] - The code [screen.unavailable.message] cannot be found in the language bundle for the locale [zh_CN]
2017-07-25 16:12:47,235 DEBUG [org.jasig.cas.web.view.CasReloadableMessageBundle] - Examining language bundle [classpath:custom_messages_zh] for the code [copyright]
2017-07-25 16:12:47,235 DEBUG [org.jasig.cas.web.view.CasReloadableMessageBundle] - Examining language bundle [classpath:messages_zh] for the code [copyright]
2017-07-25 16:12:47,235 WARN [org.jasig.cas.web.view.CasReloadableMessageBundle] - The code [copyright] cannot be found in the language bundle for the locale [zh_CN]
2017-07-25 16:13:54,599 DEBUG [org.jasig.cas.services.DefaultServicesManagerImpl] - Adding registered service http://**
2017-07-25 16:13:54,605 INFO [org.jasig.cas.services.DefaultServicesManagerImpl] - Loaded 1 services.
2017-07-25 16:13:55,859 DEBUG [org.jasig.cas.util.AutowiringSchedulerFactoryBean] - Autowired the following triggers defined in application context: [periodicServiceRegistryReloaderTrigger]
2017-07-25 16:13:56,680 INFO [org.jasig.cas.util.AutowiringSchedulerFactoryBean] - Starting Quartz Scheduler now
2017-07-25 16:14:00,785 INFO [org.jasig.cas.web.flow.InitialFlowSetupAction] - Setting path for cookies to: /cas/
2017-07-25 16:14:00,785 INFO [org.jasig.cas.web.flow.InitialFlowSetupAction] - Setting path for cookies to: /cas/
2017-07-25 16:14:00,786 DEBUG [org.jasig.cas.web.support.CasArgumentExtractor] - Extractor did not generate service.
2017-07-25 16:14:00,789 DEBUG [org.jasig.cas.support.pac4j.web.flow.ClientAction] - clientName : null
2017-07-25 16:14:00,794 DEBUG [org.jasig.cas.web.FlowExecutionExceptionResolver] - Ignoring the received exception due to a type mismatch
org.springframework.webflow.execution.ActionExecutionException: Exception thrown executing org.jasig.cas.support.pac4j.web.flow.ClientAction@6c7e0271 in state 'clientAction' of flow 'login' -- action execution attributes were 'map[[empty]]'
	at org.springframework.webflow.execution.ActionExecutor.execute(ActionExecutor.java:60)
	at org.springframework.webflow.action.EvaluateAction.doExecute(EvaluateAction.java:77)
	at org.springframework.webflow.action.AbstractAction.execute(AbstractAction.java:188)
	at org.springframework.webflow.execution.AnnotatedAction.execute(AnnotatedAction.java:145)
	at org.springframework.webflow.execution.ActionExecutor.execute(ActionExecutor.java:51)
	at org.springframework.webflow.engine.ActionState.doEnter(ActionState.java:101)
	at org.springframework.webflow.engine.State.enter(State.java:194)
	at org.springframework.webflow.engine.Flow.start(Flow.java:535)
	at org.springframework.webflow.engine.impl.FlowExecutionImpl.start(FlowExecutionImpl.java:366)
	at org.springframework.webflow.engine.impl.FlowExecutionImpl.start(FlowExecutionImpl.java:222)
	at org.springframework.webflow.executor.FlowExecutorImpl.launchExecution(FlowExecutorImpl.java:140)
	at org.springframework.webflow.mvc.servlet.FlowHandlerAdapter.handle(FlowHandlerAdapter.java:193)
	at org.springframework.web.servlet.DispatcherServlet.doDispatch(DispatcherServlet.java:925)
	at org.springframework.web.servlet.DispatcherServlet.doService(DispatcherServlet.java:856)
	at org.springframework.web.servlet.FrameworkServlet.processRequest(FrameworkServlet.java:936)
	at org.springframework.web.servlet.FrameworkServlet.doGet(FrameworkServlet.java:827)
	at javax.servlet.http.HttpServlet.service(HttpServlet.java:735)
	at org.springframework.web.servlet.FrameworkServlet.service(FrameworkServlet.java:812)
	at javax.servlet.http.HttpServlet.service(HttpServlet.java:848)
	at org.jasig.cas.web.init.SafeDispatcherServlet.service(SafeDispatcherServlet.java:125)
	at org.eclipse.jetty.servlet.ServletHolder.handle(ServletHolder.java:669)
	at org.eclipse.jetty.servlet.ServletHandler$CachedChain.doFilter(ServletHandler.java:1336)
	at org.springframework.web.filter.CharacterEncodingFilter.doFilterInternal(CharacterEncodingFilter.java:88)
	at org.springframework.web.filter.OncePerRequestFilter.doFilter(OncePerRequestFilter.java:107)
	at org.springframework.web.filter.DelegatingFilterProxy.invokeDelegate(DelegatingFilterProxy.java:343)
	at org.springframework.web.filter.DelegatingFilterProxy.doFilter(DelegatingFilterProxy.java:260)
	at org.eclipse.jetty.servlet.ServletHandler$CachedChain.doFilter(ServletHandler.java:1307)
	at com.github.inspektr.common.web.ClientInfoThreadLocalFilter.doFilter(ClientInfoThreadLocalFilter.java:63)
	at org.eclipse.jetty.servlet.ServletHandler$CachedChain.doFilter(ServletHandler.java:1307)
	at org.eclipse.jetty.servlet.ServletHandler.doHandle(ServletHandler.java:453)
	at org.eclipse.jetty.server.handler.ScopedHandler.handle(ScopedHandler.java:137)
	at org.eclipse.jetty.security.SecurityHandler.handle(SecurityHandler.java:560)
	at org.eclipse.jetty.server.session.SessionHandler.doHandle(SessionHandler.java:231)
	at org.eclipse.jetty.server.handler.ContextHandler.doHandle(ContextHandler.java:1072)
	at org.eclipse.jetty.servlet.ServletHandler.doScope(ServletHandler.java:382)
	at org.eclipse.jetty.server.session.SessionHandler.doScope(SessionHandler.java:193)
	at org.eclipse.jetty.server.handler.ContextHandler.doScope(ContextHandler.java:1006)
	at org.eclipse.jetty.server.handler.ScopedHandler.handle(ScopedHandler.java:135)
	at org.eclipse.jetty.server.handler.ContextHandlerCollection.handle(ContextHandlerCollection.java:255)
	at org.eclipse.jetty.server.handler.HandlerCollection.handle(HandlerCollection.java:154)
	at org.eclipse.jetty.server.handler.HandlerWrapper.handle(HandlerWrapper.java:116)
	at org.eclipse.jetty.server.Server.handle(Server.java:365)
	at org.eclipse.jetty.server.AbstractHttpConnection.handleRequest(AbstractHttpConnection.java:485)
	at org.eclipse.jetty.server.AbstractHttpConnection.headerComplete(AbstractHttpConnection.java:926)
	at org.eclipse.jetty.server.AbstractHttpConnection$RequestHandler.headerComplete(AbstractHttpConnection.java:988)
	at org.eclipse.jetty.http.HttpParser.parseNext(HttpParser.java:635)
	at org.eclipse.jetty.http.HttpParser.parseAvailable(HttpParser.java:235)
	at org.eclipse.jetty.server.AsyncHttpConnection.handle(AsyncHttpConnection.java:82)
	at org.eclipse.jetty.io.nio.SelectChannelEndPoint.handle(SelectChannelEndPoint.java:628)
	at org.eclipse.jetty.io.nio.SelectChannelEndPoint$1.run(SelectChannelEndPoint.java:52)
	at org.eclipse.jetty.util.thread.QueuedThreadPool.runJob(QueuedThreadPool.java:608)
	at org.eclipse.jetty.util.thread.QueuedThreadPool$3.run(QueuedThreadPool.java:543)
	at java.lang.Thread.run(Thread.java:745)
Caused by: org.pac4j.core.exception.TechnicalException: callbackUrl cannot be blank
	at org.pac4j.core.util.CommonHelper.assertNotBlank(CommonHelper.java:88)
	at org.pac4j.core.client.Clients.internalInit(Clients.java:72)
	at org.pac4j.core.util.InitializableObject.init(InitializableObject.java:37)
	at org.pac4j.core.client.Clients.findAllClients(Clients.java:125)
	at org.jasig.cas.support.pac4j.web.flow.ClientAction.prepareForLoginPage(ClientAction.java:195)
	at org.jasig.cas.support.pac4j.web.flow.ClientAction.doExecute(ClientAction.java:168)
	at org.springframework.webflow.action.AbstractAction.execute(AbstractAction.java:188)
	at org.springframework.webflow.execution.ActionExecutor.execute(ActionExecutor.java:51)
	... 52 more
2017-07-25 16:14:01,617 DEBUG [org.jasig.cas.web.support.CasArgumentExtractor] - Extractor did not generate service.
2017-07-25 16:14:01,632 DEBUG [org.jasig.cas.web.view.CasReloadableMessageBundle] - Examining language bundle [classpath:custom_messages_zh] for the code [logo.title]
2017-07-25 16:14:01,633 DEBUG [org.jasig.cas.web.view.CasReloadableMessageBundle] - No properties file found for [classpath:custom_messages_zh] - neither plain properties nor XML
2017-07-25 16:14:01,633 DEBUG [org.jasig.cas.web.view.CasReloadableMessageBundle] - Examining language bundle [classpath:messages_zh] for the code [logo.title]
2017-07-25 16:14:01,633 DEBUG [org.jasig.cas.web.view.CasReloadableMessageBundle] - No properties file found for [classpath:messages_zh] - neither plain properties nor XML
2017-07-25 16:14:01,633 WARN [org.jasig.cas.web.view.CasReloadableMessageBundle] - The code [logo.title] cannot be found in the language bundle for the locale [zh_CN]
2017-07-25 16:14:01,634 DEBUG [org.jasig.cas.web.view.CasReloadableMessageBundle] - No properties file found for [classpath:custom_messages_zh_CN] - neither plain properties nor XML
2017-07-25 16:14:01,634 DEBUG [org.jasig.cas.web.view.CasReloadableMessageBundle] - No properties file found for [classpath:custom_messages] - neither plain properties nor XML
2017-07-25 16:14:01,634 DEBUG [org.jasig.cas.web.view.CasReloadableMessageBundle] - Loading properties [messages_zh_CN.properties] with encoding 'UTF-8'
2017-07-25 16:14:01,636 DEBUG [org.jasig.cas.web.view.CasReloadableMessageBundle] - Loading properties [messages.properties] with encoding 'UTF-8'
2017-07-25 16:14:01,637 DEBUG [org.jasig.cas.web.view.CasReloadableMessageBundle] - Examining language bundle [classpath:custom_messages_zh] for the code [screen.unavailable.heading]
2017-07-25 16:14:01,637 DEBUG [org.jasig.cas.web.view.CasReloadableMessageBundle] - Examining language bundle [classpath:messages_zh] for the code [screen.unavailable.heading]
2017-07-25 16:14:01,637 WARN [org.jasig.cas.web.view.CasReloadableMessageBundle] - The code [screen.unavailable.heading] cannot be found in the language bundle for the locale [zh_CN]
2017-07-25 16:14:01,637 DEBUG [org.jasig.cas.web.view.CasReloadableMessageBundle] - Examining language bundle [classpath:custom_messages_zh] for the code [screen.unavailable.message]
2017-07-25 16:14:01,637 DEBUG [org.jasig.cas.web.view.CasReloadableMessageBundle] - Examining language bundle [classpath:messages_zh] for the code [screen.unavailable.message]
2017-07-25 16:14:01,637 WARN [org.jasig.cas.web.view.CasReloadableMessageBundle] - The code [screen.unavailable.message] cannot be found in the language bundle for the locale [zh_CN]
2017-07-25 16:14:01,637 DEBUG [org.jasig.cas.web.view.CasReloadableMessageBundle] - Examining language bundle [classpath:custom_messages_zh] for the code [copyright]
2017-07-25 16:14:01,637 DEBUG [org.jasig.cas.web.view.CasReloadableMessageBundle] - Examining language bundle [classpath:messages_zh] for the code [copyright]
2017-07-25 16:14:01,637 WARN [org.jasig.cas.web.view.CasReloadableMessageBundle] - The code [copyright] cannot be found in the language bundle for the locale [zh_CN]
2017-07-25 16:14:18,276 DEBUG [org.jasig.cas.web.support.CasArgumentExtractor] - Extractor did not generate service.
2017-07-25 16:14:18,276 DEBUG [org.jasig.cas.support.pac4j.web.flow.ClientAction] - clientName : null
2017-07-25 16:14:18,277 DEBUG [org.jasig.cas.web.FlowExecutionExceptionResolver] - Ignoring the received exception due to a type mismatch
org.springframework.webflow.execution.ActionExecutionException: Exception thrown executing org.jasig.cas.support.pac4j.web.flow.ClientAction@6c7e0271 in state 'clientAction' of flow 'login' -- action execution attributes were 'map[[empty]]'
	at org.springframework.webflow.execution.ActionExecutor.execute(ActionExecutor.java:60)
	at org.springframework.webflow.action.EvaluateAction.doExecute(EvaluateAction.java:77)
	at org.springframework.webflow.action.AbstractAction.execute(AbstractAction.java:188)
	at org.springframework.webflow.execution.AnnotatedAction.execute(AnnotatedAction.java:145)
	at org.springframework.webflow.execution.ActionExecutor.execute(ActionExecutor.java:51)
	at org.springframework.webflow.engine.ActionState.doEnter(ActionState.java:101)
	at org.springframework.webflow.engine.State.enter(State.java:194)
	at org.springframework.webflow.engine.Flow.start(Flow.java:535)
	at org.springframework.webflow.engine.impl.FlowExecutionImpl.start(FlowExecutionImpl.java:366)
	at org.springframework.webflow.engine.impl.FlowExecutionImpl.start(FlowExecutionImpl.java:222)
	at org.springframework.webflow.executor.FlowExecutorImpl.launchExecution(FlowExecutorImpl.java:140)
	at org.springframework.webflow.mvc.servlet.FlowHandlerAdapter.handle(FlowHandlerAdapter.java:193)
	at org.springframework.web.servlet.DispatcherServlet.doDispatch(DispatcherServlet.java:925)
	at org.springframework.web.servlet.DispatcherServlet.doService(DispatcherServlet.java:856)
	at org.springframework.web.servlet.FrameworkServlet.processRequest(FrameworkServlet.java:936)
	at org.springframework.web.servlet.FrameworkServlet.doGet(FrameworkServlet.java:827)
	at javax.servlet.http.HttpServlet.service(HttpServlet.java:735)
	at org.springframework.web.servlet.FrameworkServlet.service(FrameworkServlet.java:812)
	at javax.servlet.http.HttpServlet.service(HttpServlet.java:848)
	at org.jasig.cas.web.init.SafeDispatcherServlet.service(SafeDispatcherServlet.java:125)
	at org.eclipse.jetty.servlet.ServletHolder.handle(ServletHolder.java:669)
	at org.eclipse.jetty.servlet.ServletHandler$CachedChain.doFilter(ServletHandler.java:1336)
	at org.springframework.web.filter.CharacterEncodingFilter.doFilterInternal(CharacterEncodingFilter.java:88)
	at org.springframework.web.filter.OncePerRequestFilter.doFilter(OncePerRequestFilter.java:107)
	at org.springframework.web.filter.DelegatingFilterProxy.invokeDelegate(DelegatingFilterProxy.java:343)
	at org.springframework.web.filter.DelegatingFilterProxy.doFilter(DelegatingFilterProxy.java:260)
	at org.eclipse.jetty.servlet.ServletHandler$CachedChain.doFilter(ServletHandler.java:1307)
	at com.github.inspektr.common.web.ClientInfoThreadLocalFilter.doFilter(ClientInfoThreadLocalFilter.java:63)
	at org.eclipse.jetty.servlet.ServletHandler$CachedChain.doFilter(ServletHandler.java:1307)
	at org.eclipse.jetty.servlet.ServletHandler.doHandle(ServletHandler.java:453)
	at org.eclipse.jetty.server.handler.ScopedHandler.handle(ScopedHandler.java:137)
	at org.eclipse.jetty.security.SecurityHandler.handle(SecurityHandler.java:560)
	at org.eclipse.jetty.server.session.SessionHandler.doHandle(SessionHandler.java:231)
	at org.eclipse.jetty.server.handler.ContextHandler.doHandle(ContextHandler.java:1072)
	at org.eclipse.jetty.servlet.ServletHandler.doScope(ServletHandler.java:382)
	at org.eclipse.jetty.server.session.SessionHandler.doScope(SessionHandler.java:193)
	at org.eclipse.jetty.server.handler.ContextHandler.doScope(ContextHandler.java:1006)
	at org.eclipse.jetty.server.handler.ScopedHandler.handle(ScopedHandler.java:135)
	at org.eclipse.jetty.server.handler.ContextHandlerCollection.handle(ContextHandlerCollection.java:255)
	at org.eclipse.jetty.server.handler.HandlerCollection.handle(HandlerCollection.java:154)
	at org.eclipse.jetty.server.handler.HandlerWrapper.handle(HandlerWrapper.java:116)
	at org.eclipse.jetty.server.Server.handle(Server.java:365)
	at org.eclipse.jetty.server.AbstractHttpConnection.handleRequest(AbstractHttpConnection.java:485)
	at org.eclipse.jetty.server.AbstractHttpConnection.headerComplete(AbstractHttpConnection.java:926)
	at org.eclipse.jetty.server.AbstractHttpConnection$RequestHandler.headerComplete(AbstractHttpConnection.java:988)
	at org.eclipse.jetty.http.HttpParser.parseNext(HttpParser.java:635)
	at org.eclipse.jetty.http.HttpParser.parseAvailable(HttpParser.java:235)
	at org.eclipse.jetty.server.AsyncHttpConnection.handle(AsyncHttpConnection.java:82)
	at org.eclipse.jetty.io.nio.SelectChannelEndPoint.handle(SelectChannelEndPoint.java:628)
	at org.eclipse.jetty.io.nio.SelectChannelEndPoint$1.run(SelectChannelEndPoint.java:52)
	at org.eclipse.jetty.util.thread.QueuedThreadPool.runJob(QueuedThreadPool.java:608)
	at org.eclipse.jetty.util.thread.QueuedThreadPool$3.run(QueuedThreadPool.java:543)
	at java.lang.Thread.run(Thread.java:745)
Caused by: org.pac4j.core.exception.TechnicalException: callbackUrl cannot be blank
	at org.pac4j.core.util.CommonHelper.assertNotBlank(CommonHelper.java:88)
	at org.pac4j.core.client.Clients.internalInit(Clients.java:72)
	at org.pac4j.core.util.InitializableObject.init(InitializableObject.java:37)
	at org.pac4j.core.client.Clients.findAllClients(Clients.java:125)
	at org.jasig.cas.support.pac4j.web.flow.ClientAction.prepareForLoginPage(ClientAction.java:195)
	at org.jasig.cas.support.pac4j.web.flow.ClientAction.doExecute(ClientAction.java:168)
	at org.springframework.webflow.action.AbstractAction.execute(AbstractAction.java:188)
	at org.springframework.webflow.execution.ActionExecutor.execute(ActionExecutor.java:51)
	... 52 more
2017-07-25 16:14:18,281 DEBUG [org.jasig.cas.web.support.CasArgumentExtractor] - Extractor did not generate service.
2017-07-25 16:14:18,281 DEBUG [org.jasig.cas.web.view.CasReloadableMessageBundle] - Examining language bundle [classpath:custom_messages_zh] for the code [logo.title]
2017-07-25 16:14:18,281 DEBUG [org.jasig.cas.web.view.CasReloadableMessageBundle] - Examining language bundle [classpath:messages_zh] for the code [logo.title]
2017-07-25 16:14:18,282 WARN [org.jasig.cas.web.view.CasReloadableMessageBundle] - The code [logo.title] cannot be found in the language bundle for the locale [zh_CN]
2017-07-25 16:14:18,282 DEBUG [org.jasig.cas.web.view.CasReloadableMessageBundle] - Examining language bundle [classpath:custom_messages_zh] for the code [screen.unavailable.heading]
2017-07-25 16:14:18,282 DEBUG [org.jasig.cas.web.view.CasReloadableMessageBundle] - Examining language bundle [classpath:messages_zh] for the code [screen.unavailable.heading]
2017-07-25 16:14:18,282 WARN [org.jasig.cas.web.view.CasReloadableMessageBundle] - The code [screen.unavailable.heading] cannot be found in the language bundle for the locale [zh_CN]
2017-07-25 16:14:18,282 DEBUG [org.jasig.cas.web.view.CasReloadableMessageBundle] - Examining language bundle [classpath:custom_messages_zh] for the code [screen.unavailable.message]
2017-07-25 16:14:18,282 DEBUG [org.jasig.cas.web.view.CasReloadableMessageBundle] - Examining language bundle [classpath:messages_zh] for the code [screen.unavailable.message]
2017-07-25 16:14:18,282 WARN [org.jasig.cas.web.view.CasReloadableMessageBundle] - The code [screen.unavailable.message] cannot be found in the language bundle for the locale [zh_CN]
2017-07-25 16:14:18,282 DEBUG [org.jasig.cas.web.view.CasReloadableMessageBundle] - Examining language bundle [classpath:custom_messages_zh] for the code [copyright]
2017-07-25 16:14:18,282 DEBUG [org.jasig.cas.web.view.CasReloadableMessageBundle] - Examining language bundle [classpath:messages_zh] for the code [copyright]
2017-07-25 16:14:18,282 WARN [org.jasig.cas.web.view.CasReloadableMessageBundle] - The code [copyright] cannot be found in the language bundle for the locale [zh_CN]
2017-07-25 16:14:23,743 DEBUG [org.jasig.cas.web.support.CasArgumentExtractor] - Extractor did not generate service.
2017-07-25 16:14:23,743 DEBUG [org.jasig.cas.support.pac4j.web.flow.ClientAction] - clientName : null
2017-07-25 16:14:23,744 DEBUG [org.jasig.cas.web.FlowExecutionExceptionResolver] - Ignoring the received exception due to a type mismatch
org.springframework.webflow.execution.ActionExecutionException: Exception thrown executing org.jasig.cas.support.pac4j.web.flow.ClientAction@6c7e0271 in state 'clientAction' of flow 'login' -- action execution attributes were 'map[[empty]]'
	at org.springframework.webflow.execution.ActionExecutor.execute(ActionExecutor.java:60)
	at org.springframework.webflow.action.EvaluateAction.doExecute(EvaluateAction.java:77)
	at org.springframework.webflow.action.AbstractAction.execute(AbstractAction.java:188)
	at org.springframework.webflow.execution.AnnotatedAction.execute(AnnotatedAction.java:145)
	at org.springframework.webflow.execution.ActionExecutor.execute(ActionExecutor.java:51)
	at org.springframework.webflow.engine.ActionState.doEnter(ActionState.java:101)
	at org.springframework.webflow.engine.State.enter(State.java:194)
	at org.springframework.webflow.engine.Flow.start(Flow.java:535)
	at org.springframework.webflow.engine.impl.FlowExecutionImpl.start(FlowExecutionImpl.java:366)
	at org.springframework.webflow.engine.impl.FlowExecutionImpl.start(FlowExecutionImpl.java:222)
	at org.springframework.webflow.executor.FlowExecutorImpl.launchExecution(FlowExecutorImpl.java:140)
	at org.springframework.webflow.mvc.servlet.FlowHandlerAdapter.handle(FlowHandlerAdapter.java:193)
	at org.springframework.web.servlet.DispatcherServlet.doDispatch(DispatcherServlet.java:925)
	at org.springframework.web.servlet.DispatcherServlet.doService(DispatcherServlet.java:856)
	at org.springframework.web.servlet.FrameworkServlet.processRequest(FrameworkServlet.java:936)
	at org.springframework.web.servlet.FrameworkServlet.doGet(FrameworkServlet.java:827)
	at javax.servlet.http.HttpServlet.service(HttpServlet.java:735)
	at org.springframework.web.servlet.FrameworkServlet.service(FrameworkServlet.java:812)
	at javax.servlet.http.HttpServlet.service(HttpServlet.java:848)
	at org.jasig.cas.web.init.SafeDispatcherServlet.service(SafeDispatcherServlet.java:125)
	at org.eclipse.jetty.servlet.ServletHolder.handle(ServletHolder.java:669)
	at org.eclipse.jetty.servlet.ServletHandler$CachedChain.doFilter(ServletHandler.java:1336)
	at org.springframework.web.filter.CharacterEncodingFilter.doFilterInternal(CharacterEncodingFilter.java:88)
	at org.springframework.web.filter.OncePerRequestFilter.doFilter(OncePerRequestFilter.java:107)
	at org.springframework.web.filter.DelegatingFilterProxy.invokeDelegate(DelegatingFilterProxy.java:343)
	at org.springframework.web.filter.DelegatingFilterProxy.doFilter(DelegatingFilterProxy.java:260)
	at org.eclipse.jetty.servlet.ServletHandler$CachedChain.doFilter(ServletHandler.java:1307)
	at com.github.inspektr.common.web.ClientInfoThreadLocalFilter.doFilter(ClientInfoThreadLocalFilter.java:63)
	at org.eclipse.jetty.servlet.ServletHandler$CachedChain.doFilter(ServletHandler.java:1307)
	at org.eclipse.jetty.servlet.ServletHandler.doHandle(ServletHandler.java:453)
	at org.eclipse.jetty.server.handler.ScopedHandler.handle(ScopedHandler.java:137)
	at org.eclipse.jetty.security.SecurityHandler.handle(SecurityHandler.java:560)
	at org.eclipse.jetty.server.session.SessionHandler.doHandle(SessionHandler.java:231)
	at org.eclipse.jetty.server.handler.ContextHandler.doHandle(ContextHandler.java:1072)
	at org.eclipse.jetty.servlet.ServletHandler.doScope(ServletHandler.java:382)
	at org.eclipse.jetty.server.session.SessionHandler.doScope(SessionHandler.java:193)
	at org.eclipse.jetty.server.handler.ContextHandler.doScope(ContextHandler.java:1006)
	at org.eclipse.jetty.server.handler.ScopedHandler.handle(ScopedHandler.java:135)
	at org.eclipse.jetty.server.handler.ContextHandlerCollection.handle(ContextHandlerCollection.java:255)
	at org.eclipse.jetty.server.handler.HandlerCollection.handle(HandlerCollection.java:154)
	at org.eclipse.jetty.server.handler.HandlerWrapper.handle(HandlerWrapper.java:116)
	at org.eclipse.jetty.server.Server.handle(Server.java:365)
	at org.eclipse.jetty.server.AbstractHttpConnection.handleRequest(AbstractHttpConnection.java:485)
	at org.eclipse.jetty.server.AbstractHttpConnection.headerComplete(AbstractHttpConnection.java:926)
	at org.eclipse.jetty.server.AbstractHttpConnection$RequestHandler.headerComplete(AbstractHttpConnection.java:988)
	at org.eclipse.jetty.http.HttpParser.parseNext(HttpParser.java:635)
	at org.eclipse.jetty.http.HttpParser.parseAvailable(HttpParser.java:235)
	at org.eclipse.jetty.server.AsyncHttpConnection.handle(AsyncHttpConnection.java:82)
	at org.eclipse.jetty.io.nio.SelectChannelEndPoint.handle(SelectChannelEndPoint.java:628)
	at org.eclipse.jetty.io.nio.SelectChannelEndPoint$1.run(SelectChannelEndPoint.java:52)
	at org.eclipse.jetty.util.thread.QueuedThreadPool.runJob(QueuedThreadPool.java:608)
	at org.eclipse.jetty.util.thread.QueuedThreadPool$3.run(QueuedThreadPool.java:543)
	at java.lang.Thread.run(Thread.java:745)
Caused by: org.pac4j.core.exception.TechnicalException: callbackUrl cannot be blank
	at org.pac4j.core.util.CommonHelper.assertNotBlank(CommonHelper.java:88)
	at org.pac4j.core.client.Clients.internalInit(Clients.java:72)
	at org.pac4j.core.util.InitializableObject.init(InitializableObject.java:37)
	at org.pac4j.core.client.Clients.findAllClients(Clients.java:125)
	at org.jasig.cas.support.pac4j.web.flow.ClientAction.prepareForLoginPage(ClientAction.java:195)
	at org.jasig.cas.support.pac4j.web.flow.ClientAction.doExecute(ClientAction.java:168)
	at org.springframework.webflow.action.AbstractAction.execute(AbstractAction.java:188)
	at org.springframework.webflow.execution.ActionExecutor.execute(ActionExecutor.java:51)
	... 52 more
2017-07-25 16:14:23,746 DEBUG [org.jasig.cas.web.support.CasArgumentExtractor] - Extractor did not generate service.
2017-07-25 16:14:23,746 DEBUG [org.jasig.cas.web.view.CasReloadableMessageBundle] - Examining language bundle [classpath:custom_messages_zh] for the code [logo.title]
2017-07-25 16:14:23,746 DEBUG [org.jasig.cas.web.view.CasReloadableMessageBundle] - Examining language bundle [classpath:messages_zh] for the code [logo.title]
2017-07-25 16:14:23,747 WARN [org.jasig.cas.web.view.CasReloadableMessageBundle] - The code [logo.title] cannot be found in the language bundle for the locale [zh_CN]
2017-07-25 16:14:23,747 DEBUG [org.jasig.cas.web.view.CasReloadableMessageBundle] - Examining language bundle [classpath:custom_messages_zh] for the code [screen.unavailable.heading]
2017-07-25 16:14:23,747 DEBUG [org.jasig.cas.web.view.CasReloadableMessageBundle] - Examining language bundle [classpath:messages_zh] for the code [screen.unavailable.heading]
2017-07-25 16:14:23,747 WARN [org.jasig.cas.web.view.CasReloadableMessageBundle] - The code [screen.unavailable.heading] cannot be found in the language bundle for the locale [zh_CN]
2017-07-25 16:14:23,747 DEBUG [org.jasig.cas.web.view.CasReloadableMessageBundle] - Examining language bundle [classpath:custom_messages_zh] for the code [screen.unavailable.message]
2017-07-25 16:14:23,747 DEBUG [org.jasig.cas.web.view.CasReloadableMessageBundle] - Examining language bundle [classpath:messages_zh] for the code [screen.unavailable.message]
2017-07-25 16:14:23,747 WARN [org.jasig.cas.web.view.CasReloadableMessageBundle] - The code [screen.unavailable.message] cannot be found in the language bundle for the locale [zh_CN]
2017-07-25 16:14:23,747 DEBUG [org.jasig.cas.web.view.CasReloadableMessageBundle] - Examining language bundle [classpath:custom_messages_zh] for the code [copyright]
2017-07-25 16:14:23,747 DEBUG [org.jasig.cas.web.view.CasReloadableMessageBundle] - Examining language bundle [classpath:messages_zh] for the code [copyright]
2017-07-25 16:14:23,747 WARN [org.jasig.cas.web.view.CasReloadableMessageBundle] - The code [copyright] cannot be found in the language bundle for the locale [zh_CN]
2017-07-25 16:14:40,450 DEBUG [org.jasig.cas.web.support.CasArgumentExtractor] - Extractor did not generate service.
2017-07-25 16:14:40,450 DEBUG [org.jasig.cas.support.pac4j.web.flow.ClientAction] - clientName : null
2017-07-25 16:14:40,451 DEBUG [org.jasig.cas.web.FlowExecutionExceptionResolver] - Ignoring the received exception due to a type mismatch
org.springframework.webflow.execution.ActionExecutionException: Exception thrown executing org.jasig.cas.support.pac4j.web.flow.ClientAction@6c7e0271 in state 'clientAction' of flow 'login' -- action execution attributes were 'map[[empty]]'
	at org.springframework.webflow.execution.ActionExecutor.execute(ActionExecutor.java:60)
	at org.springframework.webflow.action.EvaluateAction.doExecute(EvaluateAction.java:77)
	at org.springframework.webflow.action.AbstractAction.execute(AbstractAction.java:188)
	at org.springframework.webflow.execution.AnnotatedAction.execute(AnnotatedAction.java:145)
	at org.springframework.webflow.execution.ActionExecutor.execute(ActionExecutor.java:51)
	at org.springframework.webflow.engine.ActionState.doEnter(ActionState.java:101)
	at org.springframework.webflow.engine.State.enter(State.java:194)
	at org.springframework.webflow.engine.Flow.start(Flow.java:535)
	at org.springframework.webflow.engine.impl.FlowExecutionImpl.start(FlowExecutionImpl.java:366)
	at org.springframework.webflow.engine.impl.FlowExecutionImpl.start(FlowExecutionImpl.java:222)
	at org.springframework.webflow.executor.FlowExecutorImpl.launchExecution(FlowExecutorImpl.java:140)
	at org.springframework.webflow.mvc.servlet.FlowHandlerAdapter.handle(FlowHandlerAdapter.java:193)
	at org.springframework.web.servlet.DispatcherServlet.doDispatch(DispatcherServlet.java:925)
	at org.springframework.web.servlet.DispatcherServlet.doService(DispatcherServlet.java:856)
	at org.springframework.web.servlet.FrameworkServlet.processRequest(FrameworkServlet.java:936)
	at org.springframework.web.servlet.FrameworkServlet.doGet(FrameworkServlet.java:827)
	at javax.servlet.http.HttpServlet.service(HttpServlet.java:735)
	at org.springframework.web.servlet.FrameworkServlet.service(FrameworkServlet.java:812)
	at javax.servlet.http.HttpServlet.service(HttpServlet.java:848)
	at org.jasig.cas.web.init.SafeDispatcherServlet.service(SafeDispatcherServlet.java:125)
	at org.eclipse.jetty.servlet.ServletHolder.handle(ServletHolder.java:669)
	at org.eclipse.jetty.servlet.ServletHandler$CachedChain.doFilter(ServletHandler.java:1336)
	at org.springframework.web.filter.CharacterEncodingFilter.doFilterInternal(CharacterEncodingFilter.java:88)
	at org.springframework.web.filter.OncePerRequestFilter.doFilter(OncePerRequestFilter.java:107)
	at org.springframework.web.filter.DelegatingFilterProxy.invokeDelegate(DelegatingFilterProxy.java:343)
	at org.springframework.web.filter.DelegatingFilterProxy.doFilter(DelegatingFilterProxy.java:260)
	at org.eclipse.jetty.servlet.ServletHandler$CachedChain.doFilter(ServletHandler.java:1307)
	at com.github.inspektr.common.web.ClientInfoThreadLocalFilter.doFilter(ClientInfoThreadLocalFilter.java:63)
	at org.eclipse.jetty.servlet.ServletHandler$CachedChain.doFilter(ServletHandler.java:1307)
	at org.eclipse.jetty.servlet.ServletHandler.doHandle(ServletHandler.java:453)
	at org.eclipse.jetty.server.handler.ScopedHandler.handle(ScopedHandler.java:137)
	at org.eclipse.jetty.security.SecurityHandler.handle(SecurityHandler.java:560)
	at org.eclipse.jetty.server.session.SessionHandler.doHandle(SessionHandler.java:231)
	at org.eclipse.jetty.server.handler.ContextHandler.doHandle(ContextHandler.java:1072)
	at org.eclipse.jetty.servlet.ServletHandler.doScope(ServletHandler.java:382)
	at org.eclipse.jetty.server.session.SessionHandler.doScope(SessionHandler.java:193)
	at org.eclipse.jetty.server.handler.ContextHandler.doScope(ContextHandler.java:1006)
	at org.eclipse.jetty.server.handler.ScopedHandler.handle(ScopedHandler.java:135)
	at org.eclipse.jetty.server.handler.ContextHandlerCollection.handle(ContextHandlerCollection.java:255)
	at org.eclipse.jetty.server.handler.HandlerCollection.handle(HandlerCollection.java:154)
	at org.eclipse.jetty.server.handler.HandlerWrapper.handle(HandlerWrapper.java:116)
	at org.eclipse.jetty.server.Server.handle(Server.java:365)
	at org.eclipse.jetty.server.AbstractHttpConnection.handleRequest(AbstractHttpConnection.java:485)
	at org.eclipse.jetty.server.AbstractHttpConnection.headerComplete(AbstractHttpConnection.java:926)
	at org.eclipse.jetty.server.AbstractHttpConnection$RequestHandler.headerComplete(AbstractHttpConnection.java:988)
	at org.eclipse.jetty.http.HttpParser.parseNext(HttpParser.java:635)
	at org.eclipse.jetty.http.HttpParser.parseAvailable(HttpParser.java:235)
	at org.eclipse.jetty.server.AsyncHttpConnection.handle(AsyncHttpConnection.java:82)
	at org.eclipse.jetty.io.nio.SelectChannelEndPoint.handle(SelectChannelEndPoint.java:628)
	at org.eclipse.jetty.io.nio.SelectChannelEndPoint$1.run(SelectChannelEndPoint.java:52)
	at org.eclipse.jetty.util.thread.QueuedThreadPool.runJob(QueuedThreadPool.java:608)
	at org.eclipse.jetty.util.thread.QueuedThreadPool$3.run(QueuedThreadPool.java:543)
	at java.lang.Thread.run(Thread.java:745)
Caused by: org.pac4j.core.exception.TechnicalException: callbackUrl cannot be blank
	at org.pac4j.core.util.CommonHelper.assertNotBlank(CommonHelper.java:88)
	at org.pac4j.core.client.Clients.internalInit(Clients.java:72)
	at org.pac4j.core.util.InitializableObject.init(InitializableObject.java:37)
	at org.pac4j.core.client.Clients.findAllClients(Clients.java:125)
	at org.jasig.cas.support.pac4j.web.flow.ClientAction.prepareForLoginPage(ClientAction.java:195)
	at org.jasig.cas.support.pac4j.web.flow.ClientAction.doExecute(ClientAction.java:168)
	at org.springframework.webflow.action.AbstractAction.execute(AbstractAction.java:188)
	at org.springframework.webflow.execution.ActionExecutor.execute(ActionExecutor.java:51)
	... 52 more
2017-07-25 16:14:40,453 DEBUG [org.jasig.cas.web.support.CasArgumentExtractor] - Extractor did not generate service.
2017-07-25 16:14:40,454 DEBUG [org.jasig.cas.web.view.CasReloadableMessageBundle] - Examining language bundle [classpath:custom_messages_zh] for the code [logo.title]
2017-07-25 16:14:40,454 DEBUG [org.jasig.cas.web.view.CasReloadableMessageBundle] - Examining language bundle [classpath:messages_zh] for the code [logo.title]
2017-07-25 16:14:40,454 WARN [org.jasig.cas.web.view.CasReloadableMessageBundle] - The code [logo.title] cannot be found in the language bundle for the locale [zh_CN]
2017-07-25 16:14:40,454 DEBUG [org.jasig.cas.web.view.CasReloadableMessageBundle] - Examining language bundle [classpath:custom_messages_zh] for the code [screen.unavailable.heading]
2017-07-25 16:14:40,454 DEBUG [org.jasig.cas.web.view.CasReloadableMessageBundle] - Examining language bundle [classpath:messages_zh] for the code [screen.unavailable.heading]
2017-07-25 16:14:40,454 WARN [org.jasig.cas.web.view.CasReloadableMessageBundle] - The code [screen.unavailable.heading] cannot be found in the language bundle for the locale [zh_CN]
2017-07-25 16:14:40,454 DEBUG [org.jasig.cas.web.view.CasReloadableMessageBundle] - Examining language bundle [classpath:custom_messages_zh] for the code [screen.unavailable.message]
2017-07-25 16:14:40,454 DEBUG [org.jasig.cas.web.view.CasReloadableMessageBundle] - Examining language bundle [classpath:messages_zh] for the code [screen.unavailable.message]
2017-07-25 16:14:40,454 WARN [org.jasig.cas.web.view.CasReloadableMessageBundle] - The code [screen.unavailable.message] cannot be found in the language bundle for the locale [zh_CN]
2017-07-25 16:14:40,454 DEBUG [org.jasig.cas.web.view.CasReloadableMessageBundle] - Examining language bundle [classpath:custom_messages_zh] for the code [copyright]
2017-07-25 16:14:40,454 DEBUG [org.jasig.cas.web.view.CasReloadableMessageBundle] - Examining language bundle [classpath:messages_zh] for the code [copyright]
2017-07-25 16:14:40,455 WARN [org.jasig.cas.web.view.CasReloadableMessageBundle] - The code [copyright] cannot be found in the language bundle for the locale [zh_CN]
2017-07-25 16:15:48,263 DEBUG [org.jasig.cas.services.DefaultServicesManagerImpl] - Adding registered service http://**
2017-07-25 16:15:48,269 INFO [org.jasig.cas.services.DefaultServicesManagerImpl] - Loaded 1 services.
2017-07-25 16:15:49,354 DEBUG [org.jasig.cas.util.AutowiringSchedulerFactoryBean] - Autowired the following triggers defined in application context: [periodicServiceRegistryReloaderTrigger]
2017-07-25 16:15:50,096 INFO [org.jasig.cas.util.AutowiringSchedulerFactoryBean] - Starting Quartz Scheduler now
2017-07-25 16:15:59,001 INFO [org.jasig.cas.web.flow.InitialFlowSetupAction] - Setting path for cookies to: /cas/
2017-07-25 16:15:59,001 INFO [org.jasig.cas.web.flow.InitialFlowSetupAction] - Setting path for cookies to: /cas/
2017-07-25 16:15:59,004 DEBUG [org.jasig.cas.web.support.CasArgumentExtractor] - Extractor did not generate service.
2017-07-25 16:15:59,007 DEBUG [org.jasig.cas.support.pac4j.web.flow.ClientAction] - clientName : null
2017-07-25 16:15:59,013 DEBUG [org.jasig.cas.web.FlowExecutionExceptionResolver] - Ignoring the received exception due to a type mismatch
org.springframework.webflow.execution.ActionExecutionException: Exception thrown executing org.jasig.cas.support.pac4j.web.flow.ClientAction@5247eff6 in state 'clientAction' of flow 'login' -- action execution attributes were 'map[[empty]]'
	at org.springframework.webflow.execution.ActionExecutor.execute(ActionExecutor.java:60)
	at org.springframework.webflow.action.EvaluateAction.doExecute(EvaluateAction.java:77)
	at org.springframework.webflow.action.AbstractAction.execute(AbstractAction.java:188)
	at org.springframework.webflow.execution.AnnotatedAction.execute(AnnotatedAction.java:145)
	at org.springframework.webflow.execution.ActionExecutor.execute(ActionExecutor.java:51)
	at org.springframework.webflow.engine.ActionState.doEnter(ActionState.java:101)
	at org.springframework.webflow.engine.State.enter(State.java:194)
	at org.springframework.webflow.engine.Flow.start(Flow.java:535)
	at org.springframework.webflow.engine.impl.FlowExecutionImpl.start(FlowExecutionImpl.java:366)
	at org.springframework.webflow.engine.impl.FlowExecutionImpl.start(FlowExecutionImpl.java:222)
	at org.springframework.webflow.executor.FlowExecutorImpl.launchExecution(FlowExecutorImpl.java:140)
	at org.springframework.webflow.mvc.servlet.FlowHandlerAdapter.handle(FlowHandlerAdapter.java:193)
	at org.springframework.web.servlet.DispatcherServlet.doDispatch(DispatcherServlet.java:925)
	at org.springframework.web.servlet.DispatcherServlet.doService(DispatcherServlet.java:856)
	at org.springframework.web.servlet.FrameworkServlet.processRequest(FrameworkServlet.java:936)
	at org.springframework.web.servlet.FrameworkServlet.doGet(FrameworkServlet.java:827)
	at javax.servlet.http.HttpServlet.service(HttpServlet.java:735)
	at org.springframework.web.servlet.FrameworkServlet.service(FrameworkServlet.java:812)
	at javax.servlet.http.HttpServlet.service(HttpServlet.java:848)
	at org.jasig.cas.web.init.SafeDispatcherServlet.service(SafeDispatcherServlet.java:125)
	at org.eclipse.jetty.servlet.ServletHolder.handle(ServletHolder.java:669)
	at org.eclipse.jetty.servlet.ServletHandler$CachedChain.doFilter(ServletHandler.java:1336)
	at org.springframework.web.filter.CharacterEncodingFilter.doFilterInternal(CharacterEncodingFilter.java:88)
	at org.springframework.web.filter.OncePerRequestFilter.doFilter(OncePerRequestFilter.java:107)
	at org.springframework.web.filter.DelegatingFilterProxy.invokeDelegate(DelegatingFilterProxy.java:343)
	at org.springframework.web.filter.DelegatingFilterProxy.doFilter(DelegatingFilterProxy.java:260)
	at org.eclipse.jetty.servlet.ServletHandler$CachedChain.doFilter(ServletHandler.java:1307)
	at com.github.inspektr.common.web.ClientInfoThreadLocalFilter.doFilter(ClientInfoThreadLocalFilter.java:63)
	at org.eclipse.jetty.servlet.ServletHandler$CachedChain.doFilter(ServletHandler.java:1307)
	at org.eclipse.jetty.servlet.ServletHandler.doHandle(ServletHandler.java:453)
	at org.eclipse.jetty.server.handler.ScopedHandler.handle(ScopedHandler.java:137)
	at org.eclipse.jetty.security.SecurityHandler.handle(SecurityHandler.java:560)
	at org.eclipse.jetty.server.session.SessionHandler.doHandle(SessionHandler.java:231)
	at org.eclipse.jetty.server.handler.ContextHandler.doHandle(ContextHandler.java:1072)
	at org.eclipse.jetty.servlet.ServletHandler.doScope(ServletHandler.java:382)
	at org.eclipse.jetty.server.session.SessionHandler.doScope(SessionHandler.java:193)
	at org.eclipse.jetty.server.handler.ContextHandler.doScope(ContextHandler.java:1006)
	at org.eclipse.jetty.server.handler.ScopedHandler.handle(ScopedHandler.java:135)
	at org.eclipse.jetty.server.handler.ContextHandlerCollection.handle(ContextHandlerCollection.java:255)
	at org.eclipse.jetty.server.handler.HandlerCollection.handle(HandlerCollection.java:154)
	at org.eclipse.jetty.server.handler.HandlerWrapper.handle(HandlerWrapper.java:116)
	at org.eclipse.jetty.server.Server.handle(Server.java:365)
	at org.eclipse.jetty.server.AbstractHttpConnection.handleRequest(AbstractHttpConnection.java:485)
	at org.eclipse.jetty.server.AbstractHttpConnection.headerComplete(AbstractHttpConnection.java:926)
	at org.eclipse.jetty.server.AbstractHttpConnection$RequestHandler.headerComplete(AbstractHttpConnection.java:988)
	at org.eclipse.jetty.http.HttpParser.parseNext(HttpParser.java:635)
	at org.eclipse.jetty.http.HttpParser.parseAvailable(HttpParser.java:235)
	at org.eclipse.jetty.server.AsyncHttpConnection.handle(AsyncHttpConnection.java:82)
	at org.eclipse.jetty.io.nio.SelectChannelEndPoint.handle(SelectChannelEndPoint.java:628)
	at org.eclipse.jetty.io.nio.SelectChannelEndPoint$1.run(SelectChannelEndPoint.java:52)
	at org.eclipse.jetty.util.thread.QueuedThreadPool.runJob(QueuedThreadPool.java:608)
	at org.eclipse.jetty.util.thread.QueuedThreadPool$3.run(QueuedThreadPool.java:543)
	at java.lang.Thread.run(Thread.java:745)
Caused by: org.pac4j.core.exception.TechnicalException: key cannot be blank
	at org.pac4j.core.util.CommonHelper.assertNotBlank(CommonHelper.java:88)
	at org.pac4j.oauth.client.BaseOAuthClient.internalInit(BaseOAuthClient.java:66)
	at com.lingchaomin.auth.cas.plugin.qq.QQClient.internalInit(QQClient.java:55)
	at org.pac4j.core.util.InitializableObject.init(InitializableObject.java:37)
	at org.pac4j.core.client.BaseClient.getRedirectionUrl(BaseClient.java:114)
	at org.pac4j.core.client.BaseClient.getRedirectionUrl(BaseClient.java:110)
	at org.jasig.cas.support.pac4j.web.flow.ClientAction.prepareForLoginPage(ClientAction.java:197)
	at org.jasig.cas.support.pac4j.web.flow.ClientAction.doExecute(ClientAction.java:168)
	at org.springframework.webflow.action.AbstractAction.execute(AbstractAction.java:188)
	at org.springframework.webflow.execution.ActionExecutor.execute(ActionExecutor.java:51)
	... 52 more
2017-07-25 16:15:59,309 DEBUG [org.jasig.cas.web.support.CasArgumentExtractor] - Extractor did not generate service.
2017-07-25 16:15:59,325 DEBUG [org.jasig.cas.web.view.CasReloadableMessageBundle] - Examining language bundle [classpath:custom_messages_zh] for the code [logo.title]
2017-07-25 16:15:59,325 DEBUG [org.jasig.cas.web.view.CasReloadableMessageBundle] - No properties file found for [classpath:custom_messages_zh] - neither plain properties nor XML
2017-07-25 16:15:59,326 DEBUG [org.jasig.cas.web.view.CasReloadableMessageBundle] - Examining language bundle [classpath:messages_zh] for the code [logo.title]
2017-07-25 16:15:59,326 DEBUG [org.jasig.cas.web.view.CasReloadableMessageBundle] - No properties file found for [classpath:messages_zh] - neither plain properties nor XML
2017-07-25 16:15:59,326 WARN [org.jasig.cas.web.view.CasReloadableMessageBundle] - The code [logo.title] cannot be found in the language bundle for the locale [zh_CN]
2017-07-25 16:15:59,326 DEBUG [org.jasig.cas.web.view.CasReloadableMessageBundle] - No properties file found for [classpath:custom_messages_zh_CN] - neither plain properties nor XML
2017-07-25 16:15:59,327 DEBUG [org.jasig.cas.web.view.CasReloadableMessageBundle] - No properties file found for [classpath:custom_messages] - neither plain properties nor XML
2017-07-25 16:15:59,327 DEBUG [org.jasig.cas.web.view.CasReloadableMessageBundle] - Loading properties [messages_zh_CN.properties] with encoding 'UTF-8'
2017-07-25 16:15:59,328 DEBUG [org.jasig.cas.web.view.CasReloadableMessageBundle] - Loading properties [messages.properties] with encoding 'UTF-8'
2017-07-25 16:15:59,329 DEBUG [org.jasig.cas.web.view.CasReloadableMessageBundle] - Examining language bundle [classpath:custom_messages_zh] for the code [screen.unavailable.heading]
2017-07-25 16:15:59,329 DEBUG [org.jasig.cas.web.view.CasReloadableMessageBundle] - Examining language bundle [classpath:messages_zh] for the code [screen.unavailable.heading]
2017-07-25 16:15:59,329 WARN [org.jasig.cas.web.view.CasReloadableMessageBundle] - The code [screen.unavailable.heading] cannot be found in the language bundle for the locale [zh_CN]
2017-07-25 16:15:59,330 DEBUG [org.jasig.cas.web.view.CasReloadableMessageBundle] - Examining language bundle [classpath:custom_messages_zh] for the code [screen.unavailable.message]
2017-07-25 16:15:59,330 DEBUG [org.jasig.cas.web.view.CasReloadableMessageBundle] - Examining language bundle [classpath:messages_zh] for the code [screen.unavailable.message]
2017-07-25 16:15:59,330 WARN [org.jasig.cas.web.view.CasReloadableMessageBundle] - The code [screen.unavailable.message] cannot be found in the language bundle for the locale [zh_CN]
2017-07-25 16:15:59,330 DEBUG [org.jasig.cas.web.view.CasReloadableMessageBundle] - Examining language bundle [classpath:custom_messages_zh] for the code [copyright]
2017-07-25 16:15:59,330 DEBUG [org.jasig.cas.web.view.CasReloadableMessageBundle] - Examining language bundle [classpath:messages_zh] for the code [copyright]
2017-07-25 16:15:59,330 WARN [org.jasig.cas.web.view.CasReloadableMessageBundle] - The code [copyright] cannot be found in the language bundle for the locale [zh_CN]
2017-07-25 16:17:39,492 DEBUG [org.jasig.cas.services.DefaultServicesManagerImpl] - Adding registered service http://**
2017-07-25 16:17:39,492 INFO [org.jasig.cas.services.DefaultServicesManagerImpl] - Loaded 1 services.
2017-07-25 16:17:40,832 DEBUG [org.jasig.cas.util.AutowiringSchedulerFactoryBean] - Autowired the following triggers defined in application context: [periodicServiceRegistryReloaderTrigger]
2017-07-25 16:17:41,560 INFO [org.jasig.cas.util.AutowiringSchedulerFactoryBean] - Starting Quartz Scheduler now
2017-07-25 16:17:44,389 INFO [org.jasig.cas.web.flow.InitialFlowSetupAction] - Setting path for cookies to: /cas/
2017-07-25 16:17:44,389 INFO [org.jasig.cas.web.flow.InitialFlowSetupAction] - Setting path for cookies to: /cas/
2017-07-25 16:17:44,390 DEBUG [org.jasig.cas.web.support.CasArgumentExtractor] - Extractor did not generate service.
2017-07-25 16:17:44,392 DEBUG [org.jasig.cas.support.pac4j.web.flow.ClientAction] - clientName : null
2017-07-25 16:17:44,399 DEBUG [org.jasig.cas.support.pac4j.web.flow.ClientAction] - QQClientUrl -> https://graph.qq.com/oauth2.0/authorize?client_id=123456&redirect_uri=http%3A%2F%2Fwww.example.com%2Fqqlogin%3Fclient_name%3DQQClient&response_type=code&state=qqlogin
2017-07-25 16:17:44,405 DEBUG [org.jasig.cas.web.flow.GenerateLoginTicketAction] - Generated login ticket LT-1-FR1HUfCK1ubGncaVSNkeH7MTAvcxaf-cas01.example.org
2017-07-25 16:17:44,405 DEBUG [org.jasig.cas.web.flow.GenerateLoginTicketAction] - Generated login ticket LT-1-FR1HUfCK1ubGncaVSNkeH7MTAvcxaf-cas01.example.org
2017-07-25 16:17:45,716 DEBUG [org.jasig.cas.web.support.CasArgumentExtractor] - Extractor did not generate service.
